{"C:\\Users\\berre\\Projects\\Colman_Projects\\finalproject_fsd\\server\\src\\app.ts": {"path":"C:\\Users\\berre\\Projects\\Colman_Projects\\finalproject_fsd\\server\\src\\app.ts","statementMap":{"0":{"start":{"line":14,"column":0},"end":{"line":14,"column":16}},"1":{"start":{"line":1,"column":0},"end":{"line":1,"column":30}},"2":{"start":{"line":2,"column":0},"end":{"line":2,"column":24}},"3":{"start":{"line":3,"column":0},"end":{"line":3,"column":24}},"4":{"start":{"line":4,"column":0},"end":{"line":4,"column":35}},"5":{"start":{"line":5,"column":0},"end":{"line":5,"column":65}},"6":{"start":{"line":6,"column":0},"end":{"line":6,"column":43}},"7":{"start":{"line":7,"column":0},"end":{"line":7,"column":45}},"8":{"start":{"line":8,"column":0},"end":{"line":8,"column":54}},"9":{"start":{"line":9,"column":0},"end":{"line":9,"column":50}},"10":{"start":{"line":10,"column":0},"end":{"line":10,"column":50}},"11":{"start":{"line":11,"column":0},"end":{"line":11,"column":50}},"12":{"start":{"line":15,"column":14},"end":{"line":15,"column":23}},"13":{"start":{"line":17,"column":2},"end":{"line":17,"column":63}},"14":{"start":{"line":18,"column":2},"end":{"line":18,"column":26}},"15":{"start":{"line":21,"column":2},"end":{"line":21,"column":75}},"16":{"start":{"line":24,"column":2},"end":{"line":24,"column":70}},"17":{"start":{"line":25,"column":2},"end":{"line":25,"column":35}},"18":{"start":{"line":26,"column":2},"end":{"line":26,"column":31}},"19":{"start":{"line":27,"column":2},"end":{"line":27,"column":32}},"20":{"start":{"line":28,"column":2},"end":{"line":28,"column":32}},"21":{"start":{"line":31,"column":2},"end":{"line":31,"column":27}},"22":{"start":{"line":33,"column":2},"end":{"line":33,"column":13}}},"fnMap":{"0":{"name":"createApp","decl":{"start":{"line":14,"column":16},"end":{"line":14,"column":25}},"loc":{"start":{"line":14,"column":25},"end":{"line":34,"column":1}}}},"branchMap":{},"s":{"0":4,"1":4,"2":4,"3":4,"4":4,"5":4,"6":4,"7":4,"8":4,"9":4,"10":4,"11":4,"12":4,"13":4,"14":4,"15":4,"16":4,"17":4,"18":4,"19":4,"20":4,"21":4,"22":4},"f":{"0":4},"b":{}}
,"C:\\Users\\berre\\Projects\\Colman_Projects\\finalproject_fsd\\server\\src\\config\\env.ts": {"path":"C:\\Users\\berre\\Projects\\Colman_Projects\\finalproject_fsd\\server\\src\\config\\env.ts","statementMap":{"0":{"start":{"line":16,"column":0},"end":{"line":16,"column":16}},"1":{"start":{"line":1,"column":0},"end":{"line":1,"column":28}},"2":{"start":{"line":4,"column":0},"end":{"line":4,"column":16}},"3":{"start":{"line":7,"column":13},"end":{"line":13,"column":2}},"4":{"start":{"line":17,"column":2},"end":{"line":19,"column":3}},"5":{"start":{"line":18,"column":4},"end":{"line":18,"column":78}}},"fnMap":{"0":{"name":"validateEnv","decl":{"start":{"line":16,"column":16},"end":{"line":16,"column":27}},"loc":{"start":{"line":16,"column":27},"end":{"line":20,"column":1}}}},"branchMap":{"0":{"loc":{"start":{"line":8,"column":11},"end":{"line":8,"column":48}},"type":"binary-expr","locations":[{"start":{"line":8,"column":11},"end":{"line":8,"column":31}},{"start":{"line":8,"column":35},"end":{"line":8,"column":48}}]},"1":{"loc":{"start":{"line":9,"column":8},"end":{"line":9,"column":58}},"type":"cond-expr","locations":[{"start":{"line":9,"column":27},"end":{"line":9,"column":51}},{"start":{"line":9,"column":54},"end":{"line":9,"column":58}}]},"2":{"loc":{"start":{"line":10,"column":12},"end":{"line":10,"column":39}},"type":"binary-expr","locations":[{"start":{"line":10,"column":12},"end":{"line":10,"column":33}},{"start":{"line":10,"column":37},"end":{"line":10,"column":39}}]},"3":{"loc":{"start":{"line":11,"column":14},"end":{"line":11,"column":64}},"type":"binary-expr","locations":[{"start":{"line":11,"column":14},"end":{"line":11,"column":37}},{"start":{"line":11,"column":41},"end":{"line":11,"column":64}}]},"4":{"loc":{"start":{"line":12,"column":18},"end":{"line":12,"column":52}},"type":"binary-expr","locations":[{"start":{"line":12,"column":18},"end":{"line":12,"column":46}},{"start":{"line":12,"column":50},"end":{"line":12,"column":52}}]},"5":{"loc":{"start":{"line":17,"column":2},"end":{"line":19,"column":3}},"type":"if","locations":[{"start":{"line":17,"column":2},"end":{"line":19,"column":3}}]}},"s":{"0":4,"1":4,"2":4,"3":4,"4":0,"5":0},"f":{"0":0},"b":{"0":[4,0],"1":[4,0],"2":[4,0],"3":[4,0],"4":[4,0],"5":[0]}}
,"C:\\Users\\berre\\Projects\\Colman_Projects\\finalproject_fsd\\server\\src\\controllers\\auth.controller.ts": {"path":"C:\\Users\\berre\\Projects\\Colman_Projects\\finalproject_fsd\\server\\src\\controllers\\auth.controller.ts","statementMap":{"0":{"start":{"line":13,"column":0},"end":{"line":13,"column":7}},"1":{"start":{"line":29,"column":0},"end":{"line":29,"column":7}},"2":{"start":{"line":40,"column":0},"end":{"line":40,"column":7}},"3":{"start":{"line":52,"column":0},"end":{"line":52,"column":7}},"4":{"start":{"line":66,"column":0},"end":{"line":66,"column":7}},"5":{"start":{"line":2,"column":0},"end":{"line":2,"column":94}},"6":{"start":{"line":4,"column":0},"end":{"line":4,"column":66}},"7":{"start":{"line":14,"column":2},"end":{"line":25,"column":3}},"8":{"start":{"line":15,"column":42},"end":{"line":15,"column":50}},"9":{"start":{"line":16,"column":17},"end":{"line":16,"column":62}},"10":{"start":{"line":18,"column":4},"end":{"line":22,"column":7}},"11":{"start":{"line":24,"column":4},"end":{"line":24,"column":14}},"12":{"start":{"line":30,"column":2},"end":{"line":36,"column":3}},"13":{"start":{"line":31,"column":35},"end":{"line":31,"column":43}},"14":{"start":{"line":32,"column":19},"end":{"line":32,"column":54}},"15":{"start":{"line":33,"column":4},"end":{"line":33,"column":21}},"16":{"start":{"line":35,"column":4},"end":{"line":35,"column":14}},"17":{"start":{"line":41,"column":2},"end":{"line":47,"column":3}},"18":{"start":{"line":42,"column":29},"end":{"line":42,"column":37}},"19":{"start":{"line":43,"column":19},"end":{"line":43,"column":52}},"20":{"start":{"line":44,"column":4},"end":{"line":44,"column":21}},"21":{"start":{"line":46,"column":4},"end":{"line":46,"column":14}},"22":{"start":{"line":53,"column":2},"end":{"line":62,"column":3}},"23":{"start":{"line":54,"column":4},"end":{"line":56,"column":5}},"24":{"start":{"line":55,"column":6},"end":{"line":55,"column":63}},"25":{"start":{"line":58,"column":4},"end":{"line":58,"column":34}},"26":{"start":{"line":59,"column":4},"end":{"line":59,"column":40}},"27":{"start":{"line":61,"column":4},"end":{"line":61,"column":14}},"28":{"start":{"line":67,"column":2},"end":{"line":73,"column":3}},"29":{"start":{"line":68,"column":27},"end":{"line":68,"column":35}},"30":{"start":{"line":69,"column":19},"end":{"line":69,"column":52}},"31":{"start":{"line":70,"column":4},"end":{"line":70,"column":21}},"32":{"start":{"line":72,"column":4},"end":{"line":72,"column":14}}},"fnMap":{"0":{"name":"register","decl":{"start":{"line":13,"column":22},"end":{"line":13,"column":30}},"loc":{"start":{"line":13,"column":78},"end":{"line":26,"column":1}}},"1":{"name":"login","decl":{"start":{"line":29,"column":22},"end":{"line":29,"column":27}},"loc":{"start":{"line":29,"column":75},"end":{"line":37,"column":1}}},"2":{"name":"refresh","decl":{"start":{"line":40,"column":22},"end":{"line":40,"column":29}},"loc":{"start":{"line":40,"column":77},"end":{"line":48,"column":1}}},"3":{"name":"logout","decl":{"start":{"line":52,"column":22},"end":{"line":52,"column":28}},"loc":{"start":{"line":52,"column":80},"end":{"line":63,"column":1}}},"4":{"name":"googleLogin","decl":{"start":{"line":66,"column":22},"end":{"line":66,"column":33}},"loc":{"start":{"line":66,"column":81},"end":{"line":74,"column":1}}}},"branchMap":{"0":{"loc":{"start":{"line":54,"column":4},"end":{"line":56,"column":5}},"type":"if","locations":[{"start":{"line":54,"column":4},"end":{"line":56,"column":5}}]}},"s":{"0":4,"1":4,"2":4,"3":4,"4":4,"5":4,"6":4,"7":14,"8":14,"9":14,"10":12,"11":2,"12":10,"13":10,"14":10,"15":8,"16":2,"17":4,"18":4,"19":4,"20":2,"21":2,"22":1,"23":1,"24":0,"25":1,"26":1,"27":0,"28":0,"29":0,"30":0,"31":0,"32":0},"f":{"0":14,"1":10,"2":4,"3":1,"4":0},"b":{"0":[0]}}
,"C:\\Users\\berre\\Projects\\Colman_Projects\\finalproject_fsd\\server\\src\\controllers\\post.controller.ts": {"path":"C:\\Users\\berre\\Projects\\Colman_Projects\\finalproject_fsd\\server\\src\\controllers\\post.controller.ts","statementMap":{"0":{"start":{"line":13,"column":0},"end":{"line":13,"column":7}},"1":{"start":{"line":29,"column":0},"end":{"line":29,"column":7}},"2":{"start":{"line":42,"column":0},"end":{"line":42,"column":7}},"3":{"start":{"line":62,"column":0},"end":{"line":62,"column":7}},"4":{"start":{"line":76,"column":0},"end":{"line":76,"column":7}},"5":{"start":{"line":88,"column":0},"end":{"line":88,"column":7}},"6":{"start":{"line":2,"column":0},"end":{"line":2,"column":32}},"7":{"start":{"line":4,"column":0},"end":{"line":4,"column":56}},"8":{"start":{"line":14,"column":2},"end":{"line":24,"column":3}},"9":{"start":{"line":15,"column":21},"end":{"line":15,"column":29}},"10":{"start":{"line":16,"column":21},"end":{"line":16,"column":33}},"11":{"start":{"line":18,"column":21},"end":{"line":18,"column":75}},"12":{"start":{"line":20,"column":17},"end":{"line":20,"column":71}},"13":{"start":{"line":21,"column":4},"end":{"line":21,"column":31}},"14":{"start":{"line":23,"column":4},"end":{"line":23,"column":14}},"15":{"start":{"line":30,"column":2},"end":{"line":38,"column":3}},"16":{"start":{"line":31,"column":17},"end":{"line":31,"column":69}},"17":{"start":{"line":32,"column":18},"end":{"line":32,"column":86}},"18":{"start":{"line":34,"column":19},"end":{"line":34,"column":57}},"19":{"start":{"line":35,"column":4},"end":{"line":35,"column":21}},"20":{"start":{"line":37,"column":4},"end":{"line":37,"column":14}},"21":{"start":{"line":43,"column":2},"end":{"line":57,"column":3}},"22":{"start":{"line":44,"column":15},"end":{"line":44,"column":38}},"23":{"start":{"line":47,"column":4},"end":{"line":49,"column":5}},"24":{"start":{"line":48,"column":6},"end":{"line":48,"column":66}},"25":{"start":{"line":51,"column":17},"end":{"line":51,"column":50}},"26":{"start":{"line":52,"column":4},"end":{"line":52,"column":74}},"27":{"start":{"line":52,"column":15},"end":{"line":52,"column":74}},"28":{"start":{"line":54,"column":4},"end":{"line":54,"column":19}},"29":{"start":{"line":56,"column":4},"end":{"line":56,"column":14}},"30":{"start":{"line":63,"column":2},"end":{"line":71,"column":3}},"31":{"start":{"line":64,"column":15},"end":{"line":64,"column":38}},"32":{"start":{"line":65,"column":21},"end":{"line":65,"column":29}},"33":{"start":{"line":67,"column":20},"end":{"line":67,"column":72}},"34":{"start":{"line":68,"column":4},"end":{"line":68,"column":22}},"35":{"start":{"line":70,"column":4},"end":{"line":70,"column":14}},"36":{"start":{"line":77,"column":2},"end":{"line":84,"column":3}},"37":{"start":{"line":78,"column":15},"end":{"line":78,"column":38}},"38":{"start":{"line":80,"column":4},"end":{"line":80,"column":51}},"39":{"start":{"line":81,"column":4},"end":{"line":81,"column":42}},"40":{"start":{"line":83,"column":4},"end":{"line":83,"column":14}},"41":{"start":{"line":89,"column":2},"end":{"line":95,"column":3}},"42":{"start":{"line":90,"column":15},"end":{"line":90,"column":38}},"43":{"start":{"line":91,"column":18},"end":{"line":91,"column":54}},"44":{"start":{"line":92,"column":4},"end":{"line":92,"column":20}},"45":{"start":{"line":94,"column":4},"end":{"line":94,"column":14}}},"fnMap":{"0":{"name":"createPost","decl":{"start":{"line":13,"column":22},"end":{"line":13,"column":32}},"loc":{"start":{"line":13,"column":84},"end":{"line":25,"column":1}}},"1":{"name":"getFeed","decl":{"start":{"line":29,"column":22},"end":{"line":29,"column":29}},"loc":{"start":{"line":29,"column":77},"end":{"line":39,"column":1}}},"2":{"name":"getPostById","decl":{"start":{"line":42,"column":22},"end":{"line":42,"column":33}},"loc":{"start":{"line":42,"column":81},"end":{"line":58,"column":1}}},"3":{"name":"updatePost","decl":{"start":{"line":62,"column":22},"end":{"line":62,"column":32}},"loc":{"start":{"line":62,"column":84},"end":{"line":72,"column":1}}},"4":{"name":"deletePost","decl":{"start":{"line":76,"column":22},"end":{"line":76,"column":32}},"loc":{"start":{"line":76,"column":84},"end":{"line":85,"column":1}}},"5":{"name":"getPostsByUser","decl":{"start":{"line":88,"column":22},"end":{"line":88,"column":36}},"loc":{"start":{"line":88,"column":84},"end":{"line":96,"column":1}}}},"branchMap":{"0":{"loc":{"start":{"line":18,"column":21},"end":{"line":18,"column":75}},"type":"cond-expr","locations":[{"start":{"line":18,"column":32},"end":{"line":18,"column":63}},{"start":{"line":18,"column":66},"end":{"line":18,"column":75}}]},"1":{"loc":{"start":{"line":31,"column":29},"end":{"line":31,"column":68}},"type":"binary-expr","locations":[{"start":{"line":31,"column":29},"end":{"line":31,"column":63}},{"start":{"line":31,"column":67},"end":{"line":31,"column":68}}]},"2":{"loc":{"start":{"line":32,"column":43},"end":{"line":32,"column":84}},"type":"binary-expr","locations":[{"start":{"line":32,"column":43},"end":{"line":32,"column":78}},{"start":{"line":32,"column":82},"end":{"line":32,"column":84}}]},"3":{"loc":{"start":{"line":47,"column":4},"end":{"line":49,"column":5}},"type":"if","locations":[{"start":{"line":47,"column":4},"end":{"line":49,"column":5}}]},"4":{"loc":{"start":{"line":52,"column":4},"end":{"line":52,"column":74}},"type":"if","locations":[{"start":{"line":52,"column":4},"end":{"line":52,"column":74}}]}},"s":{"0":4,"1":4,"2":4,"3":4,"4":4,"5":4,"6":4,"7":4,"8":5,"9":5,"10":5,"11":5,"12":5,"13":5,"14":0,"15":3,"16":3,"17":3,"18":3,"19":3,"20":0,"21":4,"22":4,"23":4,"24":1,"25":3,"26":3,"27":2,"28":1,"29":0,"30":3,"31":3,"32":3,"33":3,"34":1,"35":2,"36":3,"37":3,"38":3,"39":1,"40":2,"41":4,"42":4,"43":4,"44":3,"45":1},"f":{"0":5,"1":3,"2":4,"3":3,"4":3,"5":4},"b":{"0":[0,5],"1":[3,2],"2":[3,2],"3":[1],"4":[2]}}
,"C:\\Users\\berre\\Projects\\Colman_Projects\\finalproject_fsd\\server\\src\\controllers\\user.controller.ts": {"path":"C:\\Users\\berre\\Projects\\Colman_Projects\\finalproject_fsd\\server\\src\\controllers\\user.controller.ts","statementMap":{"0":{"start":{"line":11,"column":0},"end":{"line":11,"column":7}},"1":{"start":{"line":21,"column":0},"end":{"line":21,"column":7}},"2":{"start":{"line":35,"column":0},"end":{"line":35,"column":7}},"3":{"start":{"line":3,"column":0},"end":{"line":3,"column":92}},"4":{"start":{"line":12,"column":2},"end":{"line":17,"column":3}},"5":{"start":{"line":13,"column":17},"end":{"line":13,"column":59}},"6":{"start":{"line":14,"column":4},"end":{"line":14,"column":19}},"7":{"start":{"line":16,"column":4},"end":{"line":16,"column":14}},"8":{"start":{"line":22,"column":2},"end":{"line":30,"column":3}},"9":{"start":{"line":23,"column":4},"end":{"line":23,"column":76}},"10":{"start":{"line":23,"column":19},"end":{"line":23,"column":76}},"11":{"start":{"line":25,"column":20},"end":{"line":25,"column":28}},"12":{"start":{"line":26,"column":17},"end":{"line":26,"column":64}},"13":{"start":{"line":27,"column":4},"end":{"line":27,"column":19}},"14":{"start":{"line":29,"column":4},"end":{"line":29,"column":14}},"15":{"start":{"line":36,"column":2},"end":{"line":44,"column":3}},"16":{"start":{"line":37,"column":4},"end":{"line":37,"column":76}},"17":{"start":{"line":37,"column":19},"end":{"line":37,"column":76}},"18":{"start":{"line":38,"column":4},"end":{"line":38,"column":86}},"19":{"start":{"line":38,"column":19},"end":{"line":38,"column":86}},"20":{"start":{"line":40,"column":17},"end":{"line":40,"column":71}},"21":{"start":{"line":41,"column":4},"end":{"line":41,"column":54}},"22":{"start":{"line":43,"column":4},"end":{"line":43,"column":14}}},"fnMap":{"0":{"name":"getProfile","decl":{"start":{"line":11,"column":22},"end":{"line":11,"column":32}},"loc":{"start":{"line":11,"column":84},"end":{"line":18,"column":1}}},"1":{"name":"updateProfile","decl":{"start":{"line":21,"column":22},"end":{"line":21,"column":35}},"loc":{"start":{"line":21,"column":87},"end":{"line":31,"column":1}}},"2":{"name":"uploadAvatar","decl":{"start":{"line":35,"column":22},"end":{"line":35,"column":34}},"loc":{"start":{"line":35,"column":86},"end":{"line":45,"column":1}}}},"branchMap":{"0":{"loc":{"start":{"line":23,"column":4},"end":{"line":23,"column":76}},"type":"if","locations":[{"start":{"line":23,"column":4},"end":{"line":23,"column":76}}]},"1":{"loc":{"start":{"line":26,"column":54},"end":{"line":26,"column":63}},"type":"binary-expr","locations":[{"start":{"line":26,"column":54},"end":{"line":26,"column":57}},{"start":{"line":26,"column":61},"end":{"line":26,"column":63}}]},"2":{"loc":{"start":{"line":37,"column":4},"end":{"line":37,"column":76}},"type":"if","locations":[{"start":{"line":37,"column":4},"end":{"line":37,"column":76}}]},"3":{"loc":{"start":{"line":38,"column":4},"end":{"line":38,"column":86}},"type":"if","locations":[{"start":{"line":38,"column":4},"end":{"line":38,"column":86}}]}},"s":{"0":4,"1":4,"2":4,"3":4,"4":4,"5":4,"6":3,"7":1,"8":2,"9":2,"10":0,"11":2,"12":2,"13":2,"14":0,"15":2,"16":2,"17":0,"18":2,"19":1,"20":1,"21":1,"22":0},"f":{"0":4,"1":2,"2":2},"b":{"0":[0],"1":[2,0],"2":[0],"3":[1]}}
,"C:\\Users\\berre\\Projects\\Colman_Projects\\finalproject_fsd\\server\\src\\docs\\swagger.ts": {"path":"C:\\Users\\berre\\Projects\\Colman_Projects\\finalproject_fsd\\server\\src\\docs\\swagger.ts","statementMap":{"0":{"start":{"line":1,"column":0},"end":{"line":1,"column":41}},"1":{"start":{"line":2,"column":0},"end":{"line":2,"column":24}},"2":{"start":{"line":3,"column":0},"end":{"line":3,"column":36}},"3":{"start":{"line":5,"column":19},"end":{"line":5,"column":57}},"4":{"start":{"line":7,"column":13},"end":{"line":27,"column":3}}},"fnMap":{},"branchMap":{},"s":{"0":4,"1":4,"2":4,"3":4,"4":4},"f":{},"b":{}}
,"C:\\Users\\berre\\Projects\\Colman_Projects\\finalproject_fsd\\server\\src\\middlewares\\auth.middleware.ts": {"path":"C:\\Users\\berre\\Projects\\Colman_Projects\\finalproject_fsd\\server\\src\\middlewares\\auth.middleware.ts","statementMap":{"0":{"start":{"line":22,"column":0},"end":{"line":22,"column":16}},"1":{"start":{"line":2,"column":0},"end":{"line":2,"column":49}},"2":{"start":{"line":23,"column":2},"end":{"line":42,"column":3}},"3":{"start":{"line":24,"column":23},"end":{"line":24,"column":48}},"4":{"start":{"line":27,"column":4},"end":{"line":29,"column":5}},"5":{"start":{"line":28,"column":6},"end":{"line":28,"column":71}},"6":{"start":{"line":31,"column":18},"end":{"line":31,"column":42}},"7":{"start":{"line":32,"column":20},"end":{"line":32,"column":44}},"8":{"start":{"line":35,"column":4},"end":{"line":37,"column":6}},"9":{"start":{"line":39,"column":4},"end":{"line":39,"column":11}},"10":{"start":{"line":41,"column":4},"end":{"line":41,"column":80}}},"fnMap":{"0":{"name":"authMiddleware","decl":{"start":{"line":22,"column":16},"end":{"line":22,"column":30}},"loc":{"start":{"line":22,"column":82},"end":{"line":43,"column":1}}}},"branchMap":{"0":{"loc":{"start":{"line":27,"column":4},"end":{"line":29,"column":5}},"type":"if","locations":[{"start":{"line":27,"column":4},"end":{"line":29,"column":5}}]},"1":{"loc":{"start":{"line":27,"column":8},"end":{"line":27,"column":56}},"type":"binary-expr","locations":[{"start":{"line":27,"column":8},"end":{"line":27,"column":19}},{"start":{"line":27,"column":23},"end":{"line":27,"column":56}}]}},"s":{"0":4,"1":4,"2":24,"3":24,"4":24,"5":6,"6":18,"7":18,"8":18,"9":18,"10":0},"f":{"0":24},"b":{"0":[6],"1":[24,18]}}
,"C:\\Users\\berre\\Projects\\Colman_Projects\\finalproject_fsd\\server\\src\\middlewares\\error.middleware.ts": {"path":"C:\\Users\\berre\\Projects\\Colman_Projects\\finalproject_fsd\\server\\src\\middlewares\\error.middleware.ts","statementMap":{"0":{"start":{"line":4,"column":0},"end":{"line":4,"column":16}},"1":{"start":{"line":10,"column":17},"end":{"line":10,"column":35}},"2":{"start":{"line":11,"column":18},"end":{"line":11,"column":57}},"3":{"start":{"line":13,"column":2},"end":{"line":13,"column":39}}},"fnMap":{"0":{"name":"errorMiddleware","decl":{"start":{"line":4,"column":16},"end":{"line":4,"column":31}},"loc":{"start":{"line":8,"column":21},"end":{"line":14,"column":1}}}},"branchMap":{"0":{"loc":{"start":{"line":10,"column":17},"end":{"line":10,"column":35}},"type":"binary-expr","locations":[{"start":{"line":10,"column":17},"end":{"line":10,"column":28}},{"start":{"line":10,"column":32},"end":{"line":10,"column":35}}]},"1":{"loc":{"start":{"line":11,"column":18},"end":{"line":11,"column":57}},"type":"binary-expr","locations":[{"start":{"line":11,"column":18},"end":{"line":11,"column":30}},{"start":{"line":11,"column":34},"end":{"line":11,"column":57}}]}},"s":{"0":4,"1":12,"2":12,"3":12},"f":{"0":12},"b":{"0":[12,0],"1":[12,0]}}
,"C:\\Users\\berre\\Projects\\Colman_Projects\\finalproject_fsd\\server\\src\\middlewares\\validate.middleware.ts": {"path":"C:\\Users\\berre\\Projects\\Colman_Projects\\finalproject_fsd\\server\\src\\middlewares\\validate.middleware.ts","statementMap":{"0":{"start":{"line":13,"column":0},"end":{"line":13,"column":16}},"1":{"start":{"line":1,"column":0},"end":{"line":1,"column":31}},"2":{"start":{"line":14,"column":2},"end":{"line":35,"column":4}},"3":{"start":{"line":15,"column":4},"end":{"line":34,"column":5}},"4":{"start":{"line":17,"column":6},"end":{"line":21,"column":9}},"5":{"start":{"line":23,"column":6},"end":{"line":23,"column":13}},"6":{"start":{"line":25,"column":6},"end":{"line":31,"column":7}},"7":{"start":{"line":27,"column":8},"end":{"line":30,"column":11}},"8":{"start":{"line":33,"column":6},"end":{"line":33,"column":18}}},"fnMap":{"0":{"name":"validate","decl":{"start":{"line":13,"column":16},"end":{"line":13,"column":24}},"loc":{"start":{"line":13,"column":70},"end":{"line":36,"column":1}}},"1":{"name":"(anonymous_1)","decl":{"start":{"line":14,"column":9},"end":{"line":14,"column":10}},"loc":{"start":{"line":14,"column":61},"end":{"line":35,"column":3}}}},"branchMap":{"0":{"loc":{"start":{"line":25,"column":6},"end":{"line":31,"column":7}},"type":"if","locations":[{"start":{"line":25,"column":6},"end":{"line":31,"column":7}}]}},"s":{"0":4,"1":4,"2":36,"3":49,"4":49,"5":46,"6":3,"7":3,"8":0},"f":{"0":36,"1":49},"b":{"0":[3]}}
,"C:\\Users\\berre\\Projects\\Colman_Projects\\finalproject_fsd\\server\\src\\models\\post.model.ts": {"path":"C:\\Users\\berre\\Projects\\Colman_Projects\\finalproject_fsd\\server\\src\\models\\post.model.ts","statementMap":{"0":{"start":{"line":1,"column":0},"end":{"line":1,"column":61}},"1":{"start":{"line":18,"column":19},"end":{"line":30,"column":2}},"2":{"start":{"line":32,"column":13},"end":{"line":32,"column":62}}},"fnMap":{},"branchMap":{},"s":{"0":4,"1":4,"2":4},"f":{},"b":{}}
,"C:\\Users\\berre\\Projects\\Colman_Projects\\finalproject_fsd\\server\\src\\models\\user.model.ts": {"path":"C:\\Users\\berre\\Projects\\Colman_Projects\\finalproject_fsd\\server\\src\\models\\user.model.ts","statementMap":{"0":{"start":{"line":1,"column":0},"end":{"line":1,"column":54}},"1":{"start":{"line":21,"column":19},"end":{"line":36,"column":2}},"2":{"start":{"line":38,"column":13},"end":{"line":38,"column":62}}},"fnMap":{},"branchMap":{},"s":{"0":4,"1":4,"2":4},"f":{},"b":{}}
,"C:\\Users\\berre\\Projects\\Colman_Projects\\finalproject_fsd\\server\\src\\routes\\auth.routes.ts": {"path":"C:\\Users\\berre\\Projects\\Colman_Projects\\finalproject_fsd\\server\\src\\routes\\auth.routes.ts","statementMap":{"0":{"start":{"line":1,"column":0},"end":{"line":1,"column":33}},"1":{"start":{"line":2,"column":0},"end":{"line":2,"column":95}},"2":{"start":{"line":3,"column":0},"end":{"line":3,"column":62}},"3":{"start":{"line":4,"column":0},"end":{"line":4,"column":102}},"4":{"start":{"line":5,"column":0},"end":{"line":5,"column":64}},"5":{"start":{"line":7,"column":13},"end":{"line":7,"column":35}},"6":{"start":{"line":36,"column":0},"end":{"line":36,"column":65}},"7":{"start":{"line":62,"column":0},"end":{"line":62,"column":56}},"8":{"start":{"line":85,"column":0},"end":{"line":85,"column":62}},"9":{"start":{"line":99,"column":0},"end":{"line":99,"column":51}},"10":{"start":{"line":122,"column":0},"end":{"line":122,"column":69}}},"fnMap":{},"branchMap":{},"s":{"0":4,"1":4,"2":4,"3":4,"4":4,"5":4,"6":4,"7":4,"8":4,"9":4,"10":4},"f":{},"b":{}}
,"C:\\Users\\berre\\Projects\\Colman_Projects\\finalproject_fsd\\server\\src\\routes\\health.routes.ts": {"path":"C:\\Users\\berre\\Projects\\Colman_Projects\\finalproject_fsd\\server\\src\\routes\\health.routes.ts","statementMap":{"0":{"start":{"line":1,"column":0},"end":{"line":1,"column":33}},"1":{"start":{"line":3,"column":13},"end":{"line":3,"column":37}},"2":{"start":{"line":23,"column":0},"end":{"line":25,"column":3}},"3":{"start":{"line":24,"column":2},"end":{"line":24,"column":29}}},"fnMap":{"0":{"name":"(anonymous_0)","decl":{"start":{"line":23,"column":22},"end":{"line":23,"column":23}},"loc":{"start":{"line":23,"column":36},"end":{"line":25,"column":1}}}},"branchMap":{},"s":{"0":4,"1":4,"2":4,"3":1},"f":{"0":1},"b":{}}
,"C:\\Users\\berre\\Projects\\Colman_Projects\\finalproject_fsd\\server\\src\\routes\\post.routes.ts": {"path":"C:\\Users\\berre\\Projects\\Colman_Projects\\finalproject_fsd\\server\\src\\routes\\post.routes.ts","statementMap":{"0":{"start":{"line":1,"column":0},"end":{"line":1,"column":33}},"1":{"start":{"line":2,"column":0},"end":{"line":2,"column":64}},"2":{"start":{"line":3,"column":0},"end":{"line":3,"column":62}},"3":{"start":{"line":4,"column":0},"end":{"line":4,"column":37}},"4":{"start":{"line":5,"column":0},"end":{"line":5,"column":106}},"5":{"start":{"line":6,"column":0},"end":{"line":6,"column":106}},"6":{"start":{"line":8,"column":13},"end":{"line":8,"column":35}},"7":{"start":{"line":41,"column":0},"end":{"line":41,"column":101}},"8":{"start":{"line":61,"column":0},"end":{"line":61,"column":56}},"9":{"start":{"line":83,"column":0},"end":{"line":83,"column":60}},"10":{"start":{"line":120,"column":0},"end":{"line":120,"column":79}},"11":{"start":{"line":146,"column":0},"end":{"line":146,"column":78}}},"fnMap":{},"branchMap":{},"s":{"0":4,"1":4,"2":4,"3":4,"4":4,"5":4,"6":4,"7":4,"8":4,"9":4,"10":4,"11":4},"f":{},"b":{}}
,"C:\\Users\\berre\\Projects\\Colman_Projects\\finalproject_fsd\\server\\src\\routes\\user.routes.ts": {"path":"C:\\Users\\berre\\Projects\\Colman_Projects\\finalproject_fsd\\server\\src\\routes\\user.routes.ts","statementMap":{"0":{"start":{"line":1,"column":0},"end":{"line":1,"column":33}},"1":{"start":{"line":2,"column":0},"end":{"line":2,"column":89}},"2":{"start":{"line":3,"column":0},"end":{"line":3,"column":64}},"3":{"start":{"line":4,"column":0},"end":{"line":4,"column":64}},"4":{"start":{"line":5,"column":0},"end":{"line":5,"column":37}},"5":{"start":{"line":8,"column":13},"end":{"line":8,"column":35}},"6":{"start":{"line":29,"column":0},"end":{"line":29,"column":35}},"7":{"start":{"line":55,"column":0},"end":{"line":55,"column":53}},"8":{"start":{"line":83,"column":0},"end":{"line":83,"column":85}},"9":{"start":{"line":105,"column":0},"end":{"line":105,"column":45}}},"fnMap":{},"branchMap":{},"s":{"0":4,"1":4,"2":4,"3":4,"4":4,"5":4,"6":4,"7":4,"8":4,"9":4},"f":{},"b":{}}
,"C:\\Users\\berre\\Projects\\Colman_Projects\\finalproject_fsd\\server\\src\\services\\auth.service.ts": {"path":"C:\\Users\\berre\\Projects\\Colman_Projects\\finalproject_fsd\\server\\src\\services\\auth.service.ts","statementMap":{"0":{"start":{"line":12,"column":0},"end":{"line":12,"column":7}},"1":{"start":{"line":37,"column":0},"end":{"line":37,"column":7}},"2":{"start":{"line":71,"column":0},"end":{"line":71,"column":7}},"3":{"start":{"line":103,"column":0},"end":{"line":103,"column":7}},"4":{"start":{"line":1,"column":0},"end":{"line":1,"column":28}},"5":{"start":{"line":2,"column":0},"end":{"line":2,"column":44}},"6":{"start":{"line":3,"column":0},"end":{"line":3,"column":93}},"7":{"start":{"line":14,"column":27},"end":{"line":14,"column":59}},"8":{"start":{"line":15,"column":2},"end":{"line":17,"column":3}},"9":{"start":{"line":16,"column":4},"end":{"line":16,"column":62}},"10":{"start":{"line":19,"column":24},"end":{"line":19,"column":53}},"11":{"start":{"line":20,"column":2},"end":{"line":22,"column":3}},"12":{"start":{"line":21,"column":4},"end":{"line":21,"column":59}},"13":{"start":{"line":25,"column":25},"end":{"line":25,"column":56}},"14":{"start":{"line":27,"column":15},"end":{"line":31,"column":4}},"15":{"start":{"line":33,"column":2},"end":{"line":33,"column":14}},"16":{"start":{"line":38,"column":15},"end":{"line":38,"column":47}},"17":{"start":{"line":42,"column":2},"end":{"line":44,"column":3}},"18":{"start":{"line":43,"column":4},"end":{"line":43,"column":58}},"19":{"start":{"line":47,"column":2},"end":{"line":49,"column":3}},"20":{"start":{"line":48,"column":4},"end":{"line":48,"column":58}},"21":{"start":{"line":51,"column":18},"end":{"line":51,"column":63}},"22":{"start":{"line":53,"column":2},"end":{"line":55,"column":3}},"23":{"start":{"line":54,"column":4},"end":{"line":54,"column":58}},"24":{"start":{"line":57,"column":17},"end":{"line":57,"column":36}},"25":{"start":{"line":59,"column":22},"end":{"line":59,"column":57}},"26":{"start":{"line":60,"column":23},"end":{"line":60,"column":59}},"27":{"start":{"line":63,"column":2},"end":{"line":63,"column":35}},"28":{"start":{"line":64,"column":2},"end":{"line":64,"column":20}},"29":{"start":{"line":66,"column":2},"end":{"line":66,"column":39}},"30":{"start":{"line":75,"column":2},"end":{"line":79,"column":3}},"31":{"start":{"line":76,"column":4},"end":{"line":76,"column":47}},"32":{"start":{"line":78,"column":4},"end":{"line":78,"column":60}},"33":{"start":{"line":80,"column":17},"end":{"line":80,"column":35}},"34":{"start":{"line":82,"column":15},"end":{"line":82,"column":42}},"35":{"start":{"line":83,"column":2},"end":{"line":85,"column":3}},"36":{"start":{"line":84,"column":4},"end":{"line":84,"column":60}},"37":{"start":{"line":88,"column":2},"end":{"line":90,"column":3}},"38":{"start":{"line":89,"column":4},"end":{"line":89,"column":60}},"39":{"start":{"line":92,"column":25},"end":{"line":92,"column":60}},"40":{"start":{"line":93,"column":26},"end":{"line":93,"column":62}},"41":{"start":{"line":96,"column":2},"end":{"line":96,"column":38}},"42":{"start":{"line":97,"column":2},"end":{"line":97,"column":20}},"43":{"start":{"line":99,"column":2},"end":{"line":99,"column":72}},"44":{"start":{"line":104,"column":15},"end":{"line":104,"column":42}},"45":{"start":{"line":105,"column":2},"end":{"line":105,"column":20}},"46":{"start":{"line":105,"column":13},"end":{"line":105,"column":20}},"47":{"start":{"line":107,"column":2},"end":{"line":107,"column":32}},"48":{"start":{"line":108,"column":2},"end":{"line":108,"column":20}}},"fnMap":{"0":{"name":"registerUser","decl":{"start":{"line":12,"column":22},"end":{"line":12,"column":34}},"loc":{"start":{"line":12,"column":84},"end":{"line":34,"column":1}}},"1":{"name":"loginUser","decl":{"start":{"line":37,"column":22},"end":{"line":37,"column":31}},"loc":{"start":{"line":37,"column":66},"end":{"line":67,"column":1}}},"2":{"name":"refreshTokens","decl":{"start":{"line":71,"column":22},"end":{"line":71,"column":35}},"loc":{"start":{"line":71,"column":56},"end":{"line":100,"column":1}}},"3":{"name":"logoutUser","decl":{"start":{"line":103,"column":22},"end":{"line":103,"column":32}},"loc":{"start":{"line":103,"column":47},"end":{"line":109,"column":1}}}},"branchMap":{"0":{"loc":{"start":{"line":15,"column":2},"end":{"line":17,"column":3}},"type":"if","locations":[{"start":{"line":15,"column":2},"end":{"line":17,"column":3}}]},"1":{"loc":{"start":{"line":20,"column":2},"end":{"line":22,"column":3}},"type":"if","locations":[{"start":{"line":20,"column":2},"end":{"line":22,"column":3}}]},"2":{"loc":{"start":{"line":42,"column":2},"end":{"line":44,"column":3}},"type":"if","locations":[{"start":{"line":42,"column":2},"end":{"line":44,"column":3}}]},"3":{"loc":{"start":{"line":47,"column":2},"end":{"line":49,"column":3}},"type":"if","locations":[{"start":{"line":47,"column":2},"end":{"line":49,"column":3}}]},"4":{"loc":{"start":{"line":53,"column":2},"end":{"line":55,"column":3}},"type":"if","locations":[{"start":{"line":53,"column":2},"end":{"line":55,"column":3}}]},"5":{"loc":{"start":{"line":83,"column":2},"end":{"line":85,"column":3}},"type":"if","locations":[{"start":{"line":83,"column":2},"end":{"line":85,"column":3}}]},"6":{"loc":{"start":{"line":83,"column":6},"end":{"line":83,"column":33}},"type":"binary-expr","locations":[{"start":{"line":83,"column":6},"end":{"line":83,"column":11}},{"start":{"line":83,"column":15},"end":{"line":83,"column":33}}]},"7":{"loc":{"start":{"line":88,"column":2},"end":{"line":90,"column":3}},"type":"if","locations":[{"start":{"line":88,"column":2},"end":{"line":90,"column":3}}]},"8":{"loc":{"start":{"line":105,"column":2},"end":{"line":105,"column":20}},"type":"if","locations":[{"start":{"line":105,"column":2},"end":{"line":105,"column":20}}]}},"s":{"0":4,"1":4,"2":4,"3":4,"4":4,"5":4,"6":4,"7":14,"8":14,"9":1,"10":13,"11":13,"12":1,"13":12,"14":12,"15":12,"16":10,"17":10,"18":1,"19":9,"20":0,"21":9,"22":9,"23":1,"24":8,"25":8,"26":8,"27":8,"28":8,"29":8,"30":4,"31":4,"32":1,"33":3,"34":3,"35":3,"36":0,"37":3,"38":1,"39":2,"40":2,"41":2,"42":2,"43":2,"44":1,"45":1,"46":0,"47":1,"48":1},"f":{"0":14,"1":10,"2":4,"3":1},"b":{"0":[1],"1":[1],"2":[1],"3":[0],"4":[1],"5":[0],"6":[3,3],"7":[1],"8":[0]}}
,"C:\\Users\\berre\\Projects\\Colman_Projects\\finalproject_fsd\\server\\src\\services\\google-auth.service.ts": {"path":"C:\\Users\\berre\\Projects\\Colman_Projects\\finalproject_fsd\\server\\src\\services\\google-auth.service.ts","statementMap":{"0":{"start":{"line":20,"column":0},"end":{"line":20,"column":7}},"1":{"start":{"line":1,"column":0},"end":{"line":1,"column":51}},"2":{"start":{"line":2,"column":0},"end":{"line":2,"column":36}},"3":{"start":{"line":3,"column":0},"end":{"line":3,"column":44}},"4":{"start":{"line":4,"column":0},"end":{"line":4,"column":73}},"5":{"start":{"line":18,"column":15},"end":{"line":18,"column":51}},"6":{"start":{"line":22,"column":17},"end":{"line":25,"column":4}},"7":{"start":{"line":27,"column":18},"end":{"line":27,"column":37}},"8":{"start":{"line":29,"column":2},"end":{"line":31,"column":3}},"9":{"start":{"line":30,"column":4},"end":{"line":30,"column":64}},"10":{"start":{"line":33,"column":16},"end":{"line":33,"column":29}},"11":{"start":{"line":34,"column":19},"end":{"line":34,"column":30}},"12":{"start":{"line":37,"column":13},"end":{"line":39,"column":4}},"13":{"start":{"line":41,"column":2},"end":{"line":63,"column":3}},"14":{"start":{"line":44,"column":25},"end":{"line":44,"column":44}},"15":{"start":{"line":45,"column":19},"end":{"line":45,"column":31}},"16":{"start":{"line":46,"column":18},"end":{"line":46,"column":19}},"17":{"start":{"line":49,"column":4},"end":{"line":52,"column":5}},"18":{"start":{"line":50,"column":6},"end":{"line":50,"column":45}},"19":{"start":{"line":51,"column":6},"end":{"line":51,"column":19}},"20":{"start":{"line":54,"column":4},"end":{"line":58,"column":7}},"21":{"start":{"line":59,"column":9},"end":{"line":63,"column":3}},"22":{"start":{"line":61,"column":4},"end":{"line":61,"column":29}},"23":{"start":{"line":62,"column":4},"end":{"line":62,"column":22}},"24":{"start":{"line":65,"column":17},"end":{"line":65,"column":36}},"25":{"start":{"line":68,"column":22},"end":{"line":68,"column":57}},"26":{"start":{"line":69,"column":23},"end":{"line":69,"column":59}},"27":{"start":{"line":71,"column":2},"end":{"line":71,"column":35}},"28":{"start":{"line":72,"column":2},"end":{"line":72,"column":20}},"29":{"start":{"line":74,"column":2},"end":{"line":82,"column":4}}},"fnMap":{"0":{"name":"loginWithGoogle","decl":{"start":{"line":20,"column":22},"end":{"line":20,"column":37}},"loc":{"start":{"line":20,"column":56},"end":{"line":83,"column":1}}}},"branchMap":{"0":{"loc":{"start":{"line":29,"column":2},"end":{"line":31,"column":3}},"type":"if","locations":[{"start":{"line":29,"column":2},"end":{"line":31,"column":3}}]},"1":{"loc":{"start":{"line":29,"column":6},"end":{"line":29,"column":48}},"type":"binary-expr","locations":[{"start":{"line":29,"column":6},"end":{"line":29,"column":14}},{"start":{"line":29,"column":18},"end":{"line":29,"column":32}},{"start":{"line":29,"column":36},"end":{"line":29,"column":48}}]},"2":{"loc":{"start":{"line":41,"column":2},"end":{"line":63,"column":3}},"type":"if","locations":[{"start":{"line":41,"column":2},"end":{"line":63,"column":3}},{"start":{"line":59,"column":9},"end":{"line":63,"column":3}}]},"3":{"loc":{"start":{"line":59,"column":9},"end":{"line":63,"column":3}},"type":"if","locations":[{"start":{"line":59,"column":9},"end":{"line":63,"column":3}}]}},"s":{"0":4,"1":4,"2":4,"3":4,"4":4,"5":4,"6":0,"7":0,"8":0,"9":0,"10":0,"11":0,"12":0,"13":0,"14":0,"15":0,"16":0,"17":0,"18":0,"19":0,"20":0,"21":0,"22":0,"23":0,"24":0,"25":0,"26":0,"27":0,"28":0,"29":0},"f":{"0":0},"b":{"0":[0],"1":[0,0,0],"2":[0,0],"3":[0]}}
,"C:\\Users\\berre\\Projects\\Colman_Projects\\finalproject_fsd\\server\\src\\services\\post.service.ts": {"path":"C:\\Users\\berre\\Projects\\Colman_Projects\\finalproject_fsd\\server\\src\\services\\post.service.ts","statementMap":{"0":{"start":{"line":53,"column":0},"end":{"line":53,"column":7}},"1":{"start":{"line":66,"column":0},"end":{"line":66,"column":7}},"2":{"start":{"line":90,"column":0},"end":{"line":90,"column":7}},"3":{"start":{"line":99,"column":0},"end":{"line":99,"column":7}},"4":{"start":{"line":119,"column":0},"end":{"line":119,"column":7}},"5":{"start":{"line":139,"column":0},"end":{"line":139,"column":7}},"6":{"start":{"line":11,"column":0},"end":{"line":11,"column":20}},"7":{"start":{"line":12,"column":0},"end":{"line":12,"column":24}},"8":{"start":{"line":13,"column":0},"end":{"line":13,"column":32}},"9":{"start":{"line":14,"column":0},"end":{"line":14,"column":51}},"10":{"start":{"line":32,"column":2},"end":{"line":42,"column":3}},"11":{"start":{"line":34,"column":21},"end":{"line":34,"column":57}},"12":{"start":{"line":35,"column":21},"end":{"line":35,"column":54}},"13":{"start":{"line":36,"column":4},"end":{"line":38,"column":5}},"14":{"start":{"line":37,"column":6},"end":{"line":37,"column":30}},"15":{"start":{"line":41,"column":4},"end":{"line":41,"column":59}},"16":{"start":{"line":58,"column":15},"end":{"line":58,"column":70}},"17":{"start":{"line":59,"column":2},"end":{"line":59,"column":60}},"18":{"start":{"line":67,"column":15},"end":{"line":67,"column":33}},"19":{"start":{"line":69,"column":25},"end":{"line":76,"column":4}},"20":{"start":{"line":78,"column":2},"end":{"line":83,"column":4}},"21":{"start":{"line":91,"column":2},"end":{"line":91,"column":73}},"22":{"start":{"line":104,"column":15},"end":{"line":104,"column":42}},"23":{"start":{"line":105,"column":2},"end":{"line":105,"column":62}},"24":{"start":{"line":105,"column":13},"end":{"line":105,"column":62}},"25":{"start":{"line":106,"column":2},"end":{"line":108,"column":3}},"26":{"start":{"line":107,"column":4},"end":{"line":107,"column":71}},"27":{"start":{"line":109,"column":2},"end":{"line":109,"column":19}},"28":{"start":{"line":110,"column":2},"end":{"line":110,"column":20}},"29":{"start":{"line":111,"column":2},"end":{"line":111,"column":60}},"30":{"start":{"line":123,"column":15},"end":{"line":123,"column":42}},"31":{"start":{"line":124,"column":2},"end":{"line":124,"column":62}},"32":{"start":{"line":124,"column":13},"end":{"line":124,"column":62}},"33":{"start":{"line":125,"column":2},"end":{"line":127,"column":3}},"34":{"start":{"line":126,"column":4},"end":{"line":126,"column":73}},"35":{"start":{"line":129,"column":2},"end":{"line":131,"column":3}},"36":{"start":{"line":130,"column":4},"end":{"line":130,"column":35}},"37":{"start":{"line":132,"column":2},"end":{"line":132,"column":25}},"38":{"start":{"line":140,"column":2},"end":{"line":142,"column":3}},"39":{"start":{"line":141,"column":4},"end":{"line":141,"column":54}},"40":{"start":{"line":143,"column":2},"end":{"line":145,"column":51}}},"fnMap":{"0":{"name":"deleteImageFile","decl":{"start":{"line":31,"column":9},"end":{"line":31,"column":24}},"loc":{"start":{"line":31,"column":41},"end":{"line":43,"column":1}}},"1":{"name":"createPost","decl":{"start":{"line":53,"column":22},"end":{"line":53,"column":32}},"loc":{"start":{"line":56,"column":19},"end":{"line":60,"column":1}}},"2":{"name":"getFeed","decl":{"start":{"line":66,"column":22},"end":{"line":66,"column":29}},"loc":{"start":{"line":66,"column":57},"end":{"line":84,"column":1}}},"3":{"name":"getPostById","decl":{"start":{"line":90,"column":22},"end":{"line":90,"column":33}},"loc":{"start":{"line":90,"column":44},"end":{"line":92,"column":1}}},"4":{"name":"updatePost","decl":{"start":{"line":99,"column":22},"end":{"line":99,"column":32}},"loc":{"start":{"line":102,"column":14},"end":{"line":112,"column":1}}},"5":{"name":"deletePost","decl":{"start":{"line":119,"column":22},"end":{"line":119,"column":32}},"loc":{"start":{"line":121,"column":21},"end":{"line":133,"column":1}}},"6":{"name":"getPostsByUser","decl":{"start":{"line":139,"column":22},"end":{"line":139,"column":36}},"loc":{"start":{"line":139,"column":51},"end":{"line":146,"column":1}}}},"branchMap":{"0":{"loc":{"start":{"line":36,"column":4},"end":{"line":38,"column":5}},"type":"if","locations":[{"start":{"line":36,"column":4},"end":{"line":38,"column":5}}]},"1":{"loc":{"start":{"line":105,"column":2},"end":{"line":105,"column":62}},"type":"if","locations":[{"start":{"line":105,"column":2},"end":{"line":105,"column":62}}]},"2":{"loc":{"start":{"line":106,"column":2},"end":{"line":108,"column":3}},"type":"if","locations":[{"start":{"line":106,"column":2},"end":{"line":108,"column":3}}]},"3":{"loc":{"start":{"line":124,"column":2},"end":{"line":124,"column":62}},"type":"if","locations":[{"start":{"line":124,"column":2},"end":{"line":124,"column":62}}]},"4":{"loc":{"start":{"line":125,"column":2},"end":{"line":127,"column":3}},"type":"if","locations":[{"start":{"line":125,"column":2},"end":{"line":127,"column":3}}]},"5":{"loc":{"start":{"line":129,"column":2},"end":{"line":131,"column":3}},"type":"if","locations":[{"start":{"line":129,"column":2},"end":{"line":131,"column":3}}]},"6":{"loc":{"start":{"line":140,"column":2},"end":{"line":142,"column":3}},"type":"if","locations":[{"start":{"line":140,"column":2},"end":{"line":142,"column":3}}]}},"s":{"0":4,"1":4,"2":4,"3":4,"4":4,"5":4,"6":4,"7":4,"8":4,"9":4,"10":0,"11":0,"12":0,"13":0,"14":0,"15":0,"16":5,"17":5,"18":3,"19":3,"20":3,"21":3,"22":3,"23":3,"24":1,"25":2,"26":1,"27":1,"28":1,"29":1,"30":3,"31":3,"32":1,"33":2,"34":1,"35":1,"36":0,"37":1,"38":4,"39":1,"40":3},"f":{"0":0,"1":5,"2":3,"3":3,"4":3,"5":3,"6":4},"b":{"0":[0],"1":[1],"2":[1],"3":[1],"4":[1],"5":[0],"6":[1]}}
,"C:\\Users\\berre\\Projects\\Colman_Projects\\finalproject_fsd\\server\\src\\services\\user.service.ts": {"path":"C:\\Users\\berre\\Projects\\Colman_Projects\\finalproject_fsd\\server\\src\\services\\user.service.ts","statementMap":{"0":{"start":{"line":12,"column":0},"end":{"line":12,"column":7}},"1":{"start":{"line":22,"column":0},"end":{"line":22,"column":7}},"2":{"start":{"line":38,"column":0},"end":{"line":38,"column":7}},"3":{"start":{"line":1,"column":0},"end":{"line":1,"column":20}},"4":{"start":{"line":2,"column":0},"end":{"line":2,"column":24}},"5":{"start":{"line":3,"column":0},"end":{"line":3,"column":44}},"6":{"start":{"line":13,"column":15},"end":{"line":13,"column":86}},"7":{"start":{"line":14,"column":2},"end":{"line":16,"column":3}},"8":{"start":{"line":15,"column":4},"end":{"line":15,"column":53}},"9":{"start":{"line":17,"column":2},"end":{"line":17,"column":14}},"10":{"start":{"line":23,"column":15},"end":{"line":27,"column":47}},"11":{"start":{"line":29,"column":2},"end":{"line":31,"column":3}},"12":{"start":{"line":30,"column":4},"end":{"line":30,"column":53}},"13":{"start":{"line":32,"column":2},"end":{"line":32,"column":14}},"14":{"start":{"line":39,"column":15},"end":{"line":39,"column":42}},"15":{"start":{"line":40,"column":2},"end":{"line":42,"column":3}},"16":{"start":{"line":41,"column":4},"end":{"line":41,"column":53}},"17":{"start":{"line":45,"column":2},"end":{"line":50,"column":3}},"18":{"start":{"line":46,"column":20},"end":{"line":46,"column":91}},"19":{"start":{"line":47,"column":4},"end":{"line":49,"column":5}},"20":{"start":{"line":48,"column":6},"end":{"line":48,"column":29}},"21":{"start":{"line":53,"column":2},"end":{"line":53,"column":47}},"22":{"start":{"line":54,"column":2},"end":{"line":54,"column":20}},"23":{"start":{"line":56,"column":2},"end":{"line":56,"column":14}}},"fnMap":{"0":{"name":"getUserById","decl":{"start":{"line":12,"column":22},"end":{"line":12,"column":33}},"loc":{"start":{"line":12,"column":48},"end":{"line":18,"column":1}}},"1":{"name":"updateUserProfile","decl":{"start":{"line":22,"column":22},"end":{"line":22,"column":39}},"loc":{"start":{"line":22,"column":67},"end":{"line":33,"column":1}}},"2":{"name":"updateUserAvatar","decl":{"start":{"line":38,"column":22},"end":{"line":38,"column":38}},"loc":{"start":{"line":38,"column":71},"end":{"line":57,"column":1}}}},"branchMap":{"0":{"loc":{"start":{"line":14,"column":2},"end":{"line":16,"column":3}},"type":"if","locations":[{"start":{"line":14,"column":2},"end":{"line":16,"column":3}}]},"1":{"loc":{"start":{"line":29,"column":2},"end":{"line":31,"column":3}},"type":"if","locations":[{"start":{"line":29,"column":2},"end":{"line":31,"column":3}}]},"2":{"loc":{"start":{"line":40,"column":2},"end":{"line":42,"column":3}},"type":"if","locations":[{"start":{"line":40,"column":2},"end":{"line":42,"column":3}}]},"3":{"loc":{"start":{"line":45,"column":2},"end":{"line":50,"column":3}},"type":"if","locations":[{"start":{"line":45,"column":2},"end":{"line":50,"column":3}}]},"4":{"loc":{"start":{"line":47,"column":4},"end":{"line":49,"column":5}},"type":"if","locations":[{"start":{"line":47,"column":4},"end":{"line":49,"column":5}}]}},"s":{"0":4,"1":4,"2":4,"3":4,"4":4,"5":4,"6":4,"7":4,"8":1,"9":3,"10":2,"11":2,"12":0,"13":2,"14":1,"15":1,"16":0,"17":1,"18":0,"19":0,"20":0,"21":1,"22":1,"23":1},"f":{"0":4,"1":2,"2":1},"b":{"0":[1],"1":[0],"2":[0],"3":[0],"4":[0]}}
,"C:\\Users\\berre\\Projects\\Colman_Projects\\finalproject_fsd\\server\\src\\utils\\auth.schemas.ts": {"path":"C:\\Users\\berre\\Projects\\Colman_Projects\\finalproject_fsd\\server\\src\\utils\\auth.schemas.ts","statementMap":{"0":{"start":{"line":1,"column":0},"end":{"line":1,"column":24}},"1":{"start":{"line":10,"column":13},"end":{"line":16,"column":3}},"2":{"start":{"line":19,"column":13},"end":{"line":24,"column":3}},"3":{"start":{"line":27,"column":13},"end":{"line":31,"column":3}},"4":{"start":{"line":34,"column":13},"end":{"line":38,"column":3}}},"fnMap":{},"branchMap":{},"s":{"0":4,"1":4,"2":4,"3":4,"4":4},"f":{},"b":{}}
,"C:\\Users\\berre\\Projects\\Colman_Projects\\finalproject_fsd\\server\\src\\utils\\jwt.ts": {"path":"C:\\Users\\berre\\Projects\\Colman_Projects\\finalproject_fsd\\server\\src\\utils\\jwt.ts","statementMap":{"0":{"start":{"line":40,"column":0},"end":{"line":40,"column":16}},"1":{"start":{"line":45,"column":0},"end":{"line":45,"column":16}},"2":{"start":{"line":55,"column":0},"end":{"line":55,"column":16}},"3":{"start":{"line":59,"column":0},"end":{"line":59,"column":16}},"4":{"start":{"line":1,"column":0},"end":{"line":1,"column":68}},"5":{"start":{"line":2,"column":0},"end":{"line":2,"column":28}},"6":{"start":{"line":25,"column":16},"end":{"line":25,"column":33}},"7":{"start":{"line":26,"column":2},"end":{"line":28,"column":3}},"8":{"start":{"line":27,"column":4},"end":{"line":27,"column":64}},"9":{"start":{"line":29,"column":2},"end":{"line":29,"column":15}},"10":{"start":{"line":33,"column":29},"end":{"line":33,"column":64}},"11":{"start":{"line":34,"column":30},"end":{"line":34,"column":66}},"12":{"start":{"line":36,"column":24},"end":{"line":36,"column":93}},"13":{"start":{"line":37,"column":25},"end":{"line":37,"column":95}},"14":{"start":{"line":41,"column":2},"end":{"line":41,"column":73}},"15":{"start":{"line":46,"column":46},"end":{"line":49,"column":4}},"16":{"start":{"line":51,"column":2},"end":{"line":51,"column":82}},"17":{"start":{"line":56,"column":2},"end":{"line":56,"column":55}},"18":{"start":{"line":60,"column":2},"end":{"line":60,"column":56}}},"fnMap":{"0":{"name":"getRequiredEnv","decl":{"start":{"line":24,"column":9},"end":{"line":24,"column":23}},"loc":{"start":{"line":24,"column":36},"end":{"line":30,"column":1}}},"1":{"name":"generateAccessToken","decl":{"start":{"line":40,"column":16},"end":{"line":40,"column":35}},"loc":{"start":{"line":40,"column":63},"end":{"line":42,"column":1}}},"2":{"name":"generateRefreshToken","decl":{"start":{"line":45,"column":16},"end":{"line":45,"column":36}},"loc":{"start":{"line":45,"column":64},"end":{"line":52,"column":1}}},"3":{"name":"verifyAccessToken","decl":{"start":{"line":55,"column":16},"end":{"line":55,"column":33}},"loc":{"start":{"line":55,"column":47},"end":{"line":57,"column":1}}},"4":{"name":"verifyRefreshToken","decl":{"start":{"line":59,"column":16},"end":{"line":59,"column":34}},"loc":{"start":{"line":59,"column":48},"end":{"line":61,"column":1}}}},"branchMap":{"0":{"loc":{"start":{"line":26,"column":2},"end":{"line":28,"column":3}},"type":"if","locations":[{"start":{"line":26,"column":2},"end":{"line":28,"column":3}}]}},"s":{"0":4,"1":4,"2":4,"3":4,"4":4,"5":4,"6":16,"7":16,"8":0,"9":16,"10":4,"11":4,"12":4,"13":4,"14":10,"15":10,"16":10,"17":18,"18":4},"f":{"0":16,"1":10,"2":10,"3":18,"4":4},"b":{"0":[0]}}
,"C:\\Users\\berre\\Projects\\Colman_Projects\\finalproject_fsd\\server\\src\\utils\\multer.ts": {"path":"C:\\Users\\berre\\Projects\\Colman_Projects\\finalproject_fsd\\server\\src\\utils\\multer.ts","statementMap":{"0":{"start":{"line":1,"column":0},"end":{"line":1,"column":28}},"1":{"start":{"line":2,"column":0},"end":{"line":2,"column":20}},"2":{"start":{"line":3,"column":0},"end":{"line":3,"column":24}},"3":{"start":{"line":15,"column":18},"end":{"line":15,"column":41}},"4":{"start":{"line":18,"column":0},"end":{"line":20,"column":1}},"5":{"start":{"line":19,"column":2},"end":{"line":19,"column":47}},"6":{"start":{"line":23,"column":16},"end":{"line":32,"column":2}},"7":{"start":{"line":25,"column":36},"end":{"line":25,"column":55}},"8":{"start":{"line":29,"column":16},"end":{"line":29,"column":47}},"9":{"start":{"line":30,"column":4},"end":{"line":30,"column":71}},"10":{"start":{"line":35,"column":15},"end":{"line":35,"column":34}},"11":{"start":{"line":37,"column":0},"end":{"line":37,"column":22}}},"fnMap":{"0":{"name":"(anonymous_1)","decl":{"start":{"line":25,"column":15},"end":{"line":25,"column":16}},"loc":{"start":{"line":25,"column":36},"end":{"line":25,"column":55}}},"1":{"name":"(anonymous_2)","decl":{"start":{"line":28,"column":12},"end":{"line":28,"column":13}},"loc":{"start":{"line":28,"column":31},"end":{"line":31,"column":3}}}},"branchMap":{"0":{"loc":{"start":{"line":18,"column":0},"end":{"line":20,"column":1}},"type":"if","locations":[{"start":{"line":18,"column":0},"end":{"line":20,"column":1}}]}},"s":{"0":4,"1":4,"2":4,"3":4,"4":4,"5":0,"6":4,"7":1,"8":1,"9":1,"10":4,"11":4},"f":{"0":1,"1":1},"b":{"0":[0]}}
,"C:\\Users\\berre\\Projects\\Colman_Projects\\finalproject_fsd\\server\\src\\utils\\post.schemas.ts": {"path":"C:\\Users\\berre\\Projects\\Colman_Projects\\finalproject_fsd\\server\\src\\utils\\post.schemas.ts","statementMap":{"0":{"start":{"line":13,"column":0},"end":{"line":13,"column":24}},"1":{"start":{"line":16,"column":13},"end":{"line":23,"column":3}},"2":{"start":{"line":26,"column":13},"end":{"line":36,"column":3}},"3":{"start":{"line":39,"column":13},"end":{"line":43,"column":3}},"4":{"start":{"line":46,"column":13},"end":{"line":51,"column":3}}},"fnMap":{},"branchMap":{},"s":{"0":4,"1":4,"2":4,"3":4,"4":4},"f":{},"b":{}}
,"C:\\Users\\berre\\Projects\\Colman_Projects\\finalproject_fsd\\server\\tests\\helpers.ts": {"path":"C:\\Users\\berre\\Projects\\Colman_Projects\\finalproject_fsd\\server\\tests\\helpers.ts","statementMap":{"0":{"start":{"line":54,"column":0},"end":{"line":54,"column":7}},"1":{"start":{"line":90,"column":0},"end":{"line":90,"column":7}},"2":{"start":{"line":109,"column":0},"end":{"line":109,"column":7}},"3":{"start":{"line":16,"column":0},"end":{"line":16,"column":32}},"4":{"start":{"line":58,"column":17},"end":{"line":58,"column":55}},"5":{"start":{"line":59,"column":19},"end":{"line":59,"column":62}},"6":{"start":{"line":60,"column":16},"end":{"line":60,"column":64}},"7":{"start":{"line":61,"column":19},"end":{"line":61,"column":53}},"8":{"start":{"line":64,"column":2},"end":{"line":64,"column":80}},"9":{"start":{"line":67,"column":19},"end":{"line":69,"column":33}},"10":{"start":{"line":72,"column":21},"end":{"line":73,"column":null}},"11":{"start":{"line":76,"column":2},"end":{"line":83,"column":4}},"12":{"start":{"line":95,"column":15},"end":{"line":95,"column":53}},"13":{"start":{"line":97,"column":14},"end":{"line":100,"column":19}},"14":{"start":{"line":102,"column":2},"end":{"line":102,"column":18}},"15":{"start":{"line":115,"column":15},"end":{"line":115,"column":48}},"16":{"start":{"line":117,"column":14},"end":{"line":120,"column":19}},"17":{"start":{"line":122,"column":2},"end":{"line":122,"column":18}}},"fnMap":{"0":{"name":"registerAndLogin","decl":{"start":{"line":54,"column":22},"end":{"line":54,"column":38}},"loc":{"start":{"line":56,"column":70},"end":{"line":84,"column":1}}},"1":{"name":"createPost","decl":{"start":{"line":90,"column":22},"end":{"line":90,"column":32}},"loc":{"start":{"line":93,"column":31},"end":{"line":103,"column":1}}},"2":{"name":"createComment","decl":{"start":{"line":109,"column":22},"end":{"line":109,"column":35}},"loc":{"start":{"line":113,"column":31},"end":{"line":123,"column":1}}}},"branchMap":{"0":{"loc":{"start":{"line":59,"column":19},"end":{"line":59,"column":62}},"type":"binary-expr","locations":[{"start":{"line":59,"column":19},"end":{"line":59,"column":38}},{"start":{"line":59,"column":42},"end":{"line":59,"column":62}}]},"1":{"loc":{"start":{"line":60,"column":16},"end":{"line":60,"column":64}},"type":"binary-expr","locations":[{"start":{"line":60,"column":16},"end":{"line":60,"column":32}},{"start":{"line":60,"column":36},"end":{"line":60,"column":64}}]},"2":{"loc":{"start":{"line":61,"column":19},"end":{"line":61,"column":53}},"type":"binary-expr","locations":[{"start":{"line":61,"column":19},"end":{"line":61,"column":38}},{"start":{"line":61,"column":42},"end":{"line":61,"column":53}}]},"3":{"loc":{"start":{"line":95,"column":15},"end":{"line":95,"column":53}},"type":"binary-expr","locations":[{"start":{"line":95,"column":15},"end":{"line":95,"column":30}},{"start":{"line":95,"column":34},"end":{"line":95,"column":53}}]},"4":{"loc":{"start":{"line":115,"column":15},"end":{"line":115,"column":48}},"type":"binary-expr","locations":[{"start":{"line":115,"column":15},"end":{"line":115,"column":30}},{"start":{"line":115,"column":34},"end":{"line":115,"column":48}}]}},"s":{"0":2,"1":2,"2":2,"3":2,"4":4,"5":4,"6":4,"7":4,"8":4,"9":4,"10":4,"11":4,"12":4,"13":4,"14":4,"15":0,"16":0,"17":0},"f":{"0":4,"1":4,"2":0},"b":{"0":[4,4],"1":[4,4],"2":[4,4],"3":[4,0],"4":[0,0]}}
}
