{"/Users/ofek/Desktop/FSD/webApp/finalproject_fsd/server/src/app.ts": {"path":"/Users/ofek/Desktop/FSD/webApp/finalproject_fsd/server/src/app.ts","statementMap":{"0":{"start":{"line":11,"column":0},"end":{"line":11,"column":16}},"1":{"start":{"line":1,"column":0},"end":{"line":1,"column":30}},"2":{"start":{"line":2,"column":0},"end":{"line":2,"column":24}},"3":{"start":{"line":3,"column":0},"end":{"line":3,"column":35}},"4":{"start":{"line":4,"column":0},"end":{"line":4,"column":65}},"5":{"start":{"line":5,"column":0},"end":{"line":5,"column":43}},"6":{"start":{"line":6,"column":0},"end":{"line":6,"column":45}},"7":{"start":{"line":7,"column":0},"end":{"line":7,"column":54}},"8":{"start":{"line":8,"column":0},"end":{"line":8,"column":50}},"9":{"start":{"line":12,"column":14},"end":{"line":12,"column":23}},"10":{"start":{"line":14,"column":2},"end":{"line":14,"column":63}},"11":{"start":{"line":15,"column":2},"end":{"line":15,"column":26}},"12":{"start":{"line":18,"column":2},"end":{"line":18,"column":70}},"13":{"start":{"line":19,"column":2},"end":{"line":19,"column":35}},"14":{"start":{"line":20,"column":2},"end":{"line":20,"column":31}},"15":{"start":{"line":22,"column":2},"end":{"line":22,"column":27}},"16":{"start":{"line":24,"column":2},"end":{"line":24,"column":13}}},"fnMap":{"0":{"name":"createApp","decl":{"start":{"line":11,"column":16},"end":{"line":11,"column":25}},"loc":{"start":{"line":11,"column":25},"end":{"line":25,"column":1}}}},"branchMap":{},"s":{"0":2,"1":2,"2":2,"3":2,"4":2,"5":2,"6":2,"7":2,"8":2,"9":2,"10":2,"11":2,"12":2,"13":2,"14":2,"15":2,"16":2},"f":{"0":2},"b":{}}
,"/Users/ofek/Desktop/FSD/webApp/finalproject_fsd/server/src/config/env.ts": {"path":"/Users/ofek/Desktop/FSD/webApp/finalproject_fsd/server/src/config/env.ts","statementMap":{"0":{"start":{"line":15,"column":0},"end":{"line":15,"column":16}},"1":{"start":{"line":1,"column":0},"end":{"line":1,"column":28}},"2":{"start":{"line":4,"column":0},"end":{"line":4,"column":16}},"3":{"start":{"line":7,"column":13},"end":{"line":12,"column":2}},"4":{"start":{"line":16,"column":2},"end":{"line":18,"column":3}},"5":{"start":{"line":17,"column":4},"end":{"line":17,"column":78}}},"fnMap":{"0":{"name":"validateEnv","decl":{"start":{"line":15,"column":16},"end":{"line":15,"column":27}},"loc":{"start":{"line":15,"column":27},"end":{"line":19,"column":1}}}},"branchMap":{"0":{"loc":{"start":{"line":8,"column":11},"end":{"line":8,"column":48}},"type":"binary-expr","locations":[{"start":{"line":8,"column":11},"end":{"line":8,"column":31}},{"start":{"line":8,"column":35},"end":{"line":8,"column":48}}]},"1":{"loc":{"start":{"line":9,"column":8},"end":{"line":9,"column":58}},"type":"cond-expr","locations":[{"start":{"line":9,"column":27},"end":{"line":9,"column":51}},{"start":{"line":9,"column":54},"end":{"line":9,"column":58}}]},"2":{"loc":{"start":{"line":10,"column":12},"end":{"line":10,"column":39}},"type":"binary-expr","locations":[{"start":{"line":10,"column":12},"end":{"line":10,"column":33}},{"start":{"line":10,"column":37},"end":{"line":10,"column":39}}]},"3":{"loc":{"start":{"line":11,"column":14},"end":{"line":11,"column":64}},"type":"binary-expr","locations":[{"start":{"line":11,"column":14},"end":{"line":11,"column":37}},{"start":{"line":11,"column":41},"end":{"line":11,"column":64}}]},"4":{"loc":{"start":{"line":16,"column":2},"end":{"line":18,"column":3}},"type":"if","locations":[{"start":{"line":16,"column":2},"end":{"line":18,"column":3}}]}},"s":{"0":2,"1":2,"2":2,"3":2,"4":0,"5":0},"f":{"0":0},"b":{"0":[2,0],"1":[2,0],"2":[2,0],"3":[2,0],"4":[0]}}
,"/Users/ofek/Desktop/FSD/webApp/finalproject_fsd/server/src/controllers/auth.controller.ts": {"path":"/Users/ofek/Desktop/FSD/webApp/finalproject_fsd/server/src/controllers/auth.controller.ts","statementMap":{"0":{"start":{"line":6,"column":0},"end":{"line":6,"column":7}},"1":{"start":{"line":21,"column":0},"end":{"line":21,"column":7}},"2":{"start":{"line":31,"column":0},"end":{"line":31,"column":7}},"3":{"start":{"line":41,"column":0},"end":{"line":41,"column":7}},"4":{"start":{"line":2,"column":0},"end":{"line":2,"column":94}},"5":{"start":{"line":7,"column":2},"end":{"line":18,"column":3}},"6":{"start":{"line":8,"column":42},"end":{"line":8,"column":50}},"7":{"start":{"line":9,"column":17},"end":{"line":9,"column":62}},"8":{"start":{"line":11,"column":4},"end":{"line":15,"column":7}},"9":{"start":{"line":17,"column":4},"end":{"line":17,"column":14}},"10":{"start":{"line":22,"column":2},"end":{"line":29,"column":3}},"11":{"start":{"line":23,"column":35},"end":{"line":23,"column":43}},"12":{"start":{"line":24,"column":19},"end":{"line":24,"column":54}},"13":{"start":{"line":26,"column":4},"end":{"line":26,"column":21}},"14":{"start":{"line":28,"column":4},"end":{"line":28,"column":14}},"15":{"start":{"line":32,"column":2},"end":{"line":38,"column":3}},"16":{"start":{"line":33,"column":29},"end":{"line":33,"column":37}},"17":{"start":{"line":34,"column":19},"end":{"line":34,"column":52}},"18":{"start":{"line":35,"column":4},"end":{"line":35,"column":21}},"19":{"start":{"line":37,"column":4},"end":{"line":37,"column":14}},"20":{"start":{"line":42,"column":2},"end":{"line":51,"column":3}},"21":{"start":{"line":43,"column":4},"end":{"line":45,"column":5}},"22":{"start":{"line":44,"column":6},"end":{"line":44,"column":63}},"23":{"start":{"line":47,"column":4},"end":{"line":47,"column":34}},"24":{"start":{"line":48,"column":4},"end":{"line":48,"column":40}},"25":{"start":{"line":50,"column":4},"end":{"line":50,"column":14}}},"fnMap":{"0":{"name":"register","decl":{"start":{"line":6,"column":22},"end":{"line":6,"column":30}},"loc":{"start":{"line":6,"column":78},"end":{"line":19,"column":1}}},"1":{"name":"login","decl":{"start":{"line":21,"column":22},"end":{"line":21,"column":27}},"loc":{"start":{"line":21,"column":75},"end":{"line":30,"column":1}}},"2":{"name":"refresh","decl":{"start":{"line":31,"column":22},"end":{"line":31,"column":29}},"loc":{"start":{"line":31,"column":77},"end":{"line":39,"column":1}}},"3":{"name":"logout","decl":{"start":{"line":41,"column":22},"end":{"line":41,"column":28}},"loc":{"start":{"line":41,"column":80},"end":{"line":52,"column":1}}}},"branchMap":{"0":{"loc":{"start":{"line":43,"column":4},"end":{"line":45,"column":5}},"type":"if","locations":[{"start":{"line":43,"column":4},"end":{"line":45,"column":5}}]}},"s":{"0":2,"1":2,"2":2,"3":2,"4":2,"5":7,"6":7,"7":7,"8":6,"9":1,"10":4,"11":4,"12":4,"13":3,"14":1,"15":1,"16":1,"17":1,"18":1,"19":0,"20":1,"21":1,"22":0,"23":1,"24":1,"25":0},"f":{"0":7,"1":4,"2":1,"3":1},"b":{"0":[0]}}
,"/Users/ofek/Desktop/FSD/webApp/finalproject_fsd/server/src/docs/swagger.ts": {"path":"/Users/ofek/Desktop/FSD/webApp/finalproject_fsd/server/src/docs/swagger.ts","statementMap":{"0":{"start":{"line":1,"column":0},"end":{"line":1,"column":41}},"1":{"start":{"line":2,"column":0},"end":{"line":2,"column":24}},"2":{"start":{"line":3,"column":0},"end":{"line":3,"column":36}},"3":{"start":{"line":5,"column":19},"end":{"line":5,"column":57}},"4":{"start":{"line":7,"column":13},"end":{"line":27,"column":3}}},"fnMap":{},"branchMap":{},"s":{"0":2,"1":2,"2":2,"3":2,"4":2},"f":{},"b":{}}
,"/Users/ofek/Desktop/FSD/webApp/finalproject_fsd/server/src/middlewares/auth.middleware.ts": {"path":"/Users/ofek/Desktop/FSD/webApp/finalproject_fsd/server/src/middlewares/auth.middleware.ts","statementMap":{"0":{"start":{"line":11,"column":0},"end":{"line":11,"column":16}},"1":{"start":{"line":2,"column":0},"end":{"line":2,"column":49}},"2":{"start":{"line":12,"column":2},"end":{"line":29,"column":3}},"3":{"start":{"line":13,"column":23},"end":{"line":13,"column":48}},"4":{"start":{"line":15,"column":4},"end":{"line":17,"column":5}},"5":{"start":{"line":16,"column":6},"end":{"line":16,"column":71}},"6":{"start":{"line":19,"column":18},"end":{"line":19,"column":42}},"7":{"start":{"line":20,"column":20},"end":{"line":20,"column":44}},"8":{"start":{"line":22,"column":4},"end":{"line":24,"column":6}},"9":{"start":{"line":26,"column":4},"end":{"line":26,"column":11}},"10":{"start":{"line":28,"column":4},"end":{"line":28,"column":80}}},"fnMap":{"0":{"name":"authMiddleware","decl":{"start":{"line":11,"column":16},"end":{"line":11,"column":30}},"loc":{"start":{"line":11,"column":82},"end":{"line":30,"column":1}}}},"branchMap":{"0":{"loc":{"start":{"line":15,"column":4},"end":{"line":17,"column":5}},"type":"if","locations":[{"start":{"line":15,"column":4},"end":{"line":17,"column":5}}]},"1":{"loc":{"start":{"line":15,"column":8},"end":{"line":15,"column":56}},"type":"binary-expr","locations":[{"start":{"line":15,"column":8},"end":{"line":15,"column":19}},{"start":{"line":15,"column":23},"end":{"line":15,"column":56}}]}},"s":{"0":2,"1":2,"2":2,"3":2,"4":2,"5":1,"6":1,"7":1,"8":1,"9":1,"10":0},"f":{"0":2},"b":{"0":[1],"1":[2,1]}}
,"/Users/ofek/Desktop/FSD/webApp/finalproject_fsd/server/src/middlewares/error.middleware.ts": {"path":"/Users/ofek/Desktop/FSD/webApp/finalproject_fsd/server/src/middlewares/error.middleware.ts","statementMap":{"0":{"start":{"line":4,"column":0},"end":{"line":4,"column":16}},"1":{"start":{"line":10,"column":17},"end":{"line":10,"column":35}},"2":{"start":{"line":11,"column":18},"end":{"line":11,"column":57}},"3":{"start":{"line":13,"column":2},"end":{"line":13,"column":39}}},"fnMap":{"0":{"name":"errorMiddleware","decl":{"start":{"line":4,"column":16},"end":{"line":4,"column":31}},"loc":{"start":{"line":8,"column":21},"end":{"line":14,"column":1}}}},"branchMap":{"0":{"loc":{"start":{"line":10,"column":17},"end":{"line":10,"column":35}},"type":"binary-expr","locations":[{"start":{"line":10,"column":17},"end":{"line":10,"column":28}},{"start":{"line":10,"column":32},"end":{"line":10,"column":35}}]},"1":{"loc":{"start":{"line":11,"column":18},"end":{"line":11,"column":57}},"type":"binary-expr","locations":[{"start":{"line":11,"column":18},"end":{"line":11,"column":30}},{"start":{"line":11,"column":34},"end":{"line":11,"column":57}}]}},"s":{"0":2,"1":2,"2":2,"3":2},"f":{"0":2},"b":{"0":[2,0],"1":[2,0]}}
,"/Users/ofek/Desktop/FSD/webApp/finalproject_fsd/server/src/middlewares/validate.middleware.ts": {"path":"/Users/ofek/Desktop/FSD/webApp/finalproject_fsd/server/src/middlewares/validate.middleware.ts","statementMap":{"0":{"start":{"line":5,"column":0},"end":{"line":5,"column":16}},"1":{"start":{"line":1,"column":0},"end":{"line":1,"column":43}},"2":{"start":{"line":6,"column":2},"end":{"line":25,"column":4}},"3":{"start":{"line":7,"column":4},"end":{"line":24,"column":5}},"4":{"start":{"line":8,"column":6},"end":{"line":12,"column":9}},"5":{"start":{"line":14,"column":6},"end":{"line":14,"column":13}},"6":{"start":{"line":16,"column":6},"end":{"line":21,"column":7}},"7":{"start":{"line":17,"column":8},"end":{"line":20,"column":11}},"8":{"start":{"line":23,"column":6},"end":{"line":23,"column":18}}},"fnMap":{"0":{"name":"validate","decl":{"start":{"line":5,"column":16},"end":{"line":5,"column":24}},"loc":{"start":{"line":5,"column":43},"end":{"line":26,"column":1}}},"1":{"name":"(anonymous_1)","decl":{"start":{"line":6,"column":9},"end":{"line":6,"column":10}},"loc":{"start":{"line":6,"column":61},"end":{"line":25,"column":3}}}},"branchMap":{"0":{"loc":{"start":{"line":16,"column":6},"end":{"line":21,"column":7}},"type":"if","locations":[{"start":{"line":16,"column":6},"end":{"line":21,"column":7}}]}},"s":{"0":2,"1":2,"2":6,"3":13,"4":13,"5":12,"6":1,"7":1,"8":0},"f":{"0":6,"1":13},"b":{"0":[1]}}
,"/Users/ofek/Desktop/FSD/webApp/finalproject_fsd/server/src/models/user.model.ts": {"path":"/Users/ofek/Desktop/FSD/webApp/finalproject_fsd/server/src/models/user.model.ts","statementMap":{"0":{"start":{"line":1,"column":0},"end":{"line":1,"column":54}},"1":{"start":{"line":10,"column":19},"end":{"line":17,"column":null}},"2":{"start":{"line":20,"column":13},"end":{"line":20,"column":62}}},"fnMap":{},"branchMap":{},"s":{"0":2,"1":2,"2":2},"f":{},"b":{}}
,"/Users/ofek/Desktop/FSD/webApp/finalproject_fsd/server/src/routes/auth.routes.ts": {"path":"/Users/ofek/Desktop/FSD/webApp/finalproject_fsd/server/src/routes/auth.routes.ts","statementMap":{"0":{"start":{"line":1,"column":0},"end":{"line":1,"column":33}},"1":{"start":{"line":2,"column":0},"end":{"line":2,"column":82}},"2":{"start":{"line":3,"column":0},"end":{"line":3,"column":62}},"3":{"start":{"line":4,"column":0},"end":{"line":4,"column":83}},"4":{"start":{"line":5,"column":0},"end":{"line":5,"column":64}},"5":{"start":{"line":7,"column":13},"end":{"line":7,"column":35}},"6":{"start":{"line":36,"column":0},"end":{"line":36,"column":65}},"7":{"start":{"line":62,"column":0},"end":{"line":62,"column":56}},"8":{"start":{"line":85,"column":0},"end":{"line":85,"column":62}},"9":{"start":{"line":99,"column":0},"end":{"line":99,"column":51}}},"fnMap":{},"branchMap":{},"s":{"0":2,"1":2,"2":2,"3":2,"4":2,"5":2,"6":2,"7":2,"8":2,"9":2},"f":{},"b":{}}
,"/Users/ofek/Desktop/FSD/webApp/finalproject_fsd/server/src/routes/health.routes.ts": {"path":"/Users/ofek/Desktop/FSD/webApp/finalproject_fsd/server/src/routes/health.routes.ts","statementMap":{"0":{"start":{"line":1,"column":0},"end":{"line":1,"column":33}},"1":{"start":{"line":3,"column":13},"end":{"line":3,"column":37}},"2":{"start":{"line":23,"column":0},"end":{"line":25,"column":3}},"3":{"start":{"line":24,"column":2},"end":{"line":24,"column":29}}},"fnMap":{"0":{"name":"(anonymous_0)","decl":{"start":{"line":23,"column":22},"end":{"line":23,"column":23}},"loc":{"start":{"line":23,"column":36},"end":{"line":25,"column":1}}}},"branchMap":{},"s":{"0":2,"1":2,"2":2,"3":1},"f":{"0":1},"b":{}}
,"/Users/ofek/Desktop/FSD/webApp/finalproject_fsd/server/src/services/auth.service.ts": {"path":"/Users/ofek/Desktop/FSD/webApp/finalproject_fsd/server/src/services/auth.service.ts","statementMap":{"0":{"start":{"line":6,"column":0},"end":{"line":6,"column":7}},"1":{"start":{"line":29,"column":0},"end":{"line":29,"column":7}},"2":{"start":{"line":54,"column":0},"end":{"line":54,"column":7}},"3":{"start":{"line":78,"column":0},"end":{"line":78,"column":7}},"4":{"start":{"line":1,"column":0},"end":{"line":1,"column":28}},"5":{"start":{"line":2,"column":0},"end":{"line":2,"column":44}},"6":{"start":{"line":3,"column":0},"end":{"line":3,"column":93}},"7":{"start":{"line":7,"column":27},"end":{"line":7,"column":59}},"8":{"start":{"line":8,"column":2},"end":{"line":10,"column":3}},"9":{"start":{"line":9,"column":4},"end":{"line":9,"column":62}},"10":{"start":{"line":12,"column":24},"end":{"line":12,"column":53}},"11":{"start":{"line":13,"column":2},"end":{"line":15,"column":3}},"12":{"start":{"line":14,"column":4},"end":{"line":14,"column":59}},"13":{"start":{"line":17,"column":25},"end":{"line":17,"column":56}},"14":{"start":{"line":19,"column":15},"end":{"line":23,"column":4}},"15":{"start":{"line":25,"column":2},"end":{"line":25,"column":14}},"16":{"start":{"line":30,"column":15},"end":{"line":30,"column":47}},"17":{"start":{"line":32,"column":2},"end":{"line":34,"column":3}},"18":{"start":{"line":33,"column":4},"end":{"line":33,"column":58}},"19":{"start":{"line":36,"column":18},"end":{"line":36,"column":63}},"20":{"start":{"line":38,"column":2},"end":{"line":40,"column":3}},"21":{"start":{"line":39,"column":4},"end":{"line":39,"column":58}},"22":{"start":{"line":42,"column":15},"end":{"line":42,"column":34}},"23":{"start":{"line":44,"column":20},"end":{"line":44,"column":55}},"24":{"start":{"line":45,"column":21},"end":{"line":45,"column":57}},"25":{"start":{"line":47,"column":2},"end":{"line":47,"column":35}},"26":{"start":{"line":48,"column":2},"end":{"line":48,"column":20}},"27":{"start":{"line":50,"column":2},"end":{"line":50,"column":39}},"28":{"start":{"line":55,"column":18},"end":{"line":55,"column":50}},"29":{"start":{"line":56,"column":17},"end":{"line":56,"column":35}},"30":{"start":{"line":58,"column":15},"end":{"line":58,"column":42}},"31":{"start":{"line":59,"column":2},"end":{"line":61,"column":3}},"32":{"start":{"line":60,"column":4},"end":{"line":60,"column":60}},"33":{"start":{"line":64,"column":2},"end":{"line":66,"column":3}},"34":{"start":{"line":65,"column":4},"end":{"line":65,"column":60}},"35":{"start":{"line":68,"column":25},"end":{"line":68,"column":60}},"36":{"start":{"line":69,"column":26},"end":{"line":69,"column":62}},"37":{"start":{"line":71,"column":2},"end":{"line":71,"column":38}},"38":{"start":{"line":72,"column":2},"end":{"line":72,"column":20}},"39":{"start":{"line":74,"column":2},"end":{"line":74,"column":72}},"40":{"start":{"line":79,"column":15},"end":{"line":79,"column":42}},"41":{"start":{"line":80,"column":2},"end":{"line":80,"column":20}},"42":{"start":{"line":80,"column":13},"end":{"line":80,"column":20}},"43":{"start":{"line":82,"column":2},"end":{"line":82,"column":32}},"44":{"start":{"line":83,"column":2},"end":{"line":83,"column":20}}},"fnMap":{"0":{"name":"registerUser","decl":{"start":{"line":6,"column":22},"end":{"line":6,"column":34}},"loc":{"start":{"line":6,"column":84},"end":{"line":26,"column":1}}},"1":{"name":"loginUser","decl":{"start":{"line":29,"column":22},"end":{"line":29,"column":31}},"loc":{"start":{"line":29,"column":66},"end":{"line":51,"column":1}}},"2":{"name":"refreshTokens","decl":{"start":{"line":54,"column":22},"end":{"line":54,"column":35}},"loc":{"start":{"line":54,"column":56},"end":{"line":75,"column":1}}},"3":{"name":"logoutUser","decl":{"start":{"line":78,"column":22},"end":{"line":78,"column":32}},"loc":{"start":{"line":78,"column":47},"end":{"line":84,"column":1}}}},"branchMap":{"0":{"loc":{"start":{"line":8,"column":2},"end":{"line":10,"column":3}},"type":"if","locations":[{"start":{"line":8,"column":2},"end":{"line":10,"column":3}}]},"1":{"loc":{"start":{"line":13,"column":2},"end":{"line":15,"column":3}},"type":"if","locations":[{"start":{"line":13,"column":2},"end":{"line":15,"column":3}}]},"2":{"loc":{"start":{"line":32,"column":2},"end":{"line":34,"column":3}},"type":"if","locations":[{"start":{"line":32,"column":2},"end":{"line":34,"column":3}}]},"3":{"loc":{"start":{"line":38,"column":2},"end":{"line":40,"column":3}},"type":"if","locations":[{"start":{"line":38,"column":2},"end":{"line":40,"column":3}}]},"4":{"loc":{"start":{"line":59,"column":2},"end":{"line":61,"column":3}},"type":"if","locations":[{"start":{"line":59,"column":2},"end":{"line":61,"column":3}}]},"5":{"loc":{"start":{"line":59,"column":6},"end":{"line":59,"column":33}},"type":"binary-expr","locations":[{"start":{"line":59,"column":6},"end":{"line":59,"column":11}},{"start":{"line":59,"column":15},"end":{"line":59,"column":33}}]},"6":{"loc":{"start":{"line":64,"column":2},"end":{"line":66,"column":3}},"type":"if","locations":[{"start":{"line":64,"column":2},"end":{"line":66,"column":3}}]},"7":{"loc":{"start":{"line":80,"column":2},"end":{"line":80,"column":20}},"type":"if","locations":[{"start":{"line":80,"column":2},"end":{"line":80,"column":20}}]}},"s":{"0":2,"1":2,"2":2,"3":2,"4":2,"5":2,"6":2,"7":7,"8":7,"9":1,"10":6,"11":6,"12":0,"13":6,"14":6,"15":6,"16":4,"17":4,"18":0,"19":4,"20":4,"21":1,"22":3,"23":3,"24":3,"25":3,"26":3,"27":3,"28":1,"29":1,"30":1,"31":1,"32":0,"33":1,"34":0,"35":1,"36":1,"37":1,"38":1,"39":1,"40":1,"41":1,"42":0,"43":1,"44":1},"f":{"0":7,"1":4,"2":1,"3":1},"b":{"0":[1],"1":[0],"2":[0],"3":[1],"4":[0],"5":[1,1],"6":[0],"7":[0]}}
,"/Users/ofek/Desktop/FSD/webApp/finalproject_fsd/server/src/utils/auth.schemas.ts": {"path":"/Users/ofek/Desktop/FSD/webApp/finalproject_fsd/server/src/utils/auth.schemas.ts","statementMap":{"0":{"start":{"line":1,"column":0},"end":{"line":1,"column":24}},"1":{"start":{"line":3,"column":13},"end":{"line":9,"column":3}},"2":{"start":{"line":11,"column":13},"end":{"line":16,"column":3}},"3":{"start":{"line":18,"column":13},"end":{"line":22,"column":3}}},"fnMap":{},"branchMap":{},"s":{"0":2,"1":2,"2":2,"3":2},"f":{},"b":{}}
,"/Users/ofek/Desktop/FSD/webApp/finalproject_fsd/server/src/utils/jwt.ts": {"path":"/Users/ofek/Desktop/FSD/webApp/finalproject_fsd/server/src/utils/jwt.ts","statementMap":{"0":{"start":{"line":27,"column":0},"end":{"line":27,"column":16}},"1":{"start":{"line":31,"column":0},"end":{"line":31,"column":16}},"2":{"start":{"line":40,"column":0},"end":{"line":40,"column":16}},"3":{"start":{"line":44,"column":0},"end":{"line":44,"column":16}},"4":{"start":{"line":1,"column":0},"end":{"line":1,"column":68}},"5":{"start":{"line":2,"column":0},"end":{"line":2,"column":28}},"6":{"start":{"line":14,"column":16},"end":{"line":14,"column":33}},"7":{"start":{"line":15,"column":2},"end":{"line":17,"column":3}},"8":{"start":{"line":16,"column":4},"end":{"line":16,"column":64}},"9":{"start":{"line":18,"column":2},"end":{"line":18,"column":15}},"10":{"start":{"line":21,"column":29},"end":{"line":21,"column":64}},"11":{"start":{"line":22,"column":30},"end":{"line":22,"column":66}},"12":{"start":{"line":24,"column":24},"end":{"line":24,"column":93}},"13":{"start":{"line":25,"column":25},"end":{"line":25,"column":95}},"14":{"start":{"line":28,"column":2},"end":{"line":28,"column":73}},"15":{"start":{"line":32,"column":46},"end":{"line":35,"column":4}},"16":{"start":{"line":37,"column":2},"end":{"line":37,"column":82}},"17":{"start":{"line":41,"column":2},"end":{"line":41,"column":55}},"18":{"start":{"line":45,"column":2},"end":{"line":45,"column":56}}},"fnMap":{"0":{"name":"getRequiredEnv","decl":{"start":{"line":13,"column":9},"end":{"line":13,"column":23}},"loc":{"start":{"line":13,"column":36},"end":{"line":19,"column":1}}},"1":{"name":"generateAccessToken","decl":{"start":{"line":27,"column":16},"end":{"line":27,"column":35}},"loc":{"start":{"line":27,"column":63},"end":{"line":29,"column":1}}},"2":{"name":"generateRefreshToken","decl":{"start":{"line":31,"column":16},"end":{"line":31,"column":36}},"loc":{"start":{"line":31,"column":64},"end":{"line":38,"column":1}}},"3":{"name":"verifyAccessToken","decl":{"start":{"line":40,"column":16},"end":{"line":40,"column":33}},"loc":{"start":{"line":40,"column":47},"end":{"line":42,"column":1}}},"4":{"name":"verifyRefreshToken","decl":{"start":{"line":44,"column":16},"end":{"line":44,"column":34}},"loc":{"start":{"line":44,"column":48},"end":{"line":46,"column":1}}}},"branchMap":{"0":{"loc":{"start":{"line":15,"column":2},"end":{"line":17,"column":3}},"type":"if","locations":[{"start":{"line":15,"column":2},"end":{"line":17,"column":3}}]}},"s":{"0":2,"1":2,"2":2,"3":2,"4":2,"5":2,"6":8,"7":8,"8":0,"9":8,"10":2,"11":2,"12":2,"13":2,"14":4,"15":4,"16":4,"17":1,"18":1},"f":{"0":8,"1":4,"2":4,"3":1,"4":1},"b":{"0":[0]}}
}
