TN:
SF:src\app.ts
FN:14,createApp
FNF:1
FNH:1
FNDA:4,createApp
DA:1,4
DA:2,4
DA:3,4
DA:4,4
DA:5,4
DA:6,4
DA:7,4
DA:8,4
DA:9,4
DA:10,4
DA:11,4
DA:14,4
DA:15,4
DA:17,4
DA:18,4
DA:21,4
DA:24,4
DA:25,4
DA:26,4
DA:27,4
DA:28,4
DA:31,4
DA:33,4
LF:23
LH:23
BRF:0
BRH:0
end_of_record
TN:
SF:src\config\env.ts
FN:16,validateEnv
FNF:1
FNH:0
FNDA:0,validateEnv
DA:1,4
DA:4,4
DA:7,4
DA:16,4
DA:17,0
DA:18,0
LF:6
LH:4
BRDA:8,0,0,4
BRDA:8,0,1,0
BRDA:9,1,0,4
BRDA:9,1,1,0
BRDA:10,2,0,4
BRDA:10,2,1,0
BRDA:11,3,0,4
BRDA:11,3,1,0
BRDA:12,4,0,4
BRDA:12,4,1,0
BRDA:17,5,0,0
BRF:11
BRH:5
end_of_record
TN:
SF:src\controllers\auth.controller.ts
FN:13,register
FN:29,login
FN:40,refresh
FN:52,logout
FN:66,googleLogin
FNF:5
FNH:4
FNDA:14,register
FNDA:10,login
FNDA:4,refresh
FNDA:1,logout
FNDA:0,googleLogin
DA:2,4
DA:4,4
DA:13,4
DA:14,14
DA:15,14
DA:16,14
DA:18,12
DA:24,2
DA:29,4
DA:30,10
DA:31,10
DA:32,10
DA:33,8
DA:35,2
DA:40,4
DA:41,4
DA:42,4
DA:43,4
DA:44,2
DA:46,2
DA:52,4
DA:53,1
DA:54,1
DA:55,0
DA:58,1
DA:59,1
DA:61,0
DA:66,4
DA:67,0
DA:68,0
DA:69,0
DA:70,0
DA:72,0
LF:33
LH:26
BRDA:54,0,0,0
BRF:1
BRH:0
end_of_record
TN:
SF:src\controllers\post.controller.ts
FN:13,createPost
FN:29,getFeed
FN:42,getPostById
FN:62,updatePost
FN:76,deletePost
FN:88,getPostsByUser
FNF:6
FNH:6
FNDA:5,createPost
FNDA:3,getFeed
FNDA:4,getPostById
FNDA:3,updatePost
FNDA:3,deletePost
FNDA:4,getPostsByUser
DA:2,4
DA:4,4
DA:13,4
DA:14,5
DA:15,5
DA:16,5
DA:18,5
DA:20,5
DA:21,5
DA:23,0
DA:29,4
DA:30,3
DA:31,3
DA:32,3
DA:34,3
DA:35,3
DA:37,0
DA:42,4
DA:43,4
DA:44,4
DA:47,4
DA:48,1
DA:51,3
DA:52,3
DA:54,1
DA:56,0
DA:62,4
DA:63,3
DA:64,3
DA:65,3
DA:67,3
DA:68,1
DA:70,2
DA:76,4
DA:77,3
DA:78,3
DA:80,3
DA:81,1
DA:83,2
DA:88,4
DA:89,4
DA:90,4
DA:91,4
DA:92,3
DA:94,1
LF:45
LH:42
BRDA:18,0,0,0
BRDA:18,0,1,5
BRDA:31,1,0,3
BRDA:31,1,1,2
BRDA:32,2,0,3
BRDA:32,2,1,2
BRDA:47,3,0,1
BRDA:52,4,0,2
BRF:8
BRH:7
end_of_record
TN:
SF:src\controllers\user.controller.ts
FN:11,getProfile
FN:21,updateProfile
FN:35,uploadAvatar
FNF:3
FNH:3
FNDA:4,getProfile
FNDA:2,updateProfile
FNDA:2,uploadAvatar
DA:3,4
DA:11,4
DA:12,4
DA:13,4
DA:14,3
DA:16,1
DA:21,4
DA:22,2
DA:23,2
DA:25,2
DA:26,2
DA:27,2
DA:29,0
DA:35,4
DA:36,2
DA:37,2
DA:38,2
DA:40,1
DA:41,1
DA:43,0
LF:20
LH:18
BRDA:23,0,0,0
BRDA:26,1,0,2
BRDA:26,1,1,0
BRDA:37,2,0,0
BRDA:38,3,0,1
BRF:5
BRH:2
end_of_record
TN:
SF:src\docs\swagger.ts
FNF:0
FNH:0
DA:1,4
DA:2,4
DA:3,4
DA:5,4
DA:7,4
LF:5
LH:5
BRF:0
BRH:0
end_of_record
TN:
SF:src\middlewares\auth.middleware.ts
FN:22,authMiddleware
FNF:1
FNH:1
FNDA:24,authMiddleware
DA:2,4
DA:22,4
DA:23,24
DA:24,24
DA:27,24
DA:28,6
DA:31,18
DA:32,18
DA:35,18
DA:39,18
DA:41,0
LF:11
LH:10
BRDA:27,0,0,6
BRDA:27,1,0,24
BRDA:27,1,1,18
BRF:3
BRH:3
end_of_record
TN:
SF:src\middlewares\error.middleware.ts
FN:4,errorMiddleware
FNF:1
FNH:1
FNDA:12,errorMiddleware
DA:4,4
DA:10,12
DA:11,12
DA:13,12
LF:4
LH:4
BRDA:10,0,0,12
BRDA:10,0,1,0
BRDA:11,1,0,12
BRDA:11,1,1,0
BRF:4
BRH:2
end_of_record
TN:
SF:src\middlewares\validate.middleware.ts
FN:13,validate
FN:14,(anonymous_1)
FNF:2
FNH:2
FNDA:36,validate
FNDA:49,(anonymous_1)
DA:1,4
DA:13,4
DA:14,36
DA:15,49
DA:17,49
DA:23,46
DA:25,3
DA:27,3
DA:33,0
LF:9
LH:8
BRDA:25,0,0,3
BRF:1
BRH:1
end_of_record
TN:
SF:src\models\post.model.ts
FNF:0
FNH:0
DA:1,4
DA:18,4
DA:32,4
LF:3
LH:3
BRF:0
BRH:0
end_of_record
TN:
SF:src\models\user.model.ts
FNF:0
FNH:0
DA:1,4
DA:21,4
DA:38,4
LF:3
LH:3
BRF:0
BRH:0
end_of_record
TN:
SF:src\routes\auth.routes.ts
FNF:0
FNH:0
DA:1,4
DA:2,4
DA:3,4
DA:4,4
DA:5,4
DA:7,4
DA:36,4
DA:62,4
DA:85,4
DA:99,4
DA:122,4
LF:11
LH:11
BRF:0
BRH:0
end_of_record
TN:
SF:src\routes\health.routes.ts
FN:23,(anonymous_0)
FNF:1
FNH:1
FNDA:1,(anonymous_0)
DA:1,4
DA:3,4
DA:23,4
DA:24,1
LF:4
LH:4
BRF:0
BRH:0
end_of_record
TN:
SF:src\routes\post.routes.ts
FNF:0
FNH:0
DA:1,4
DA:2,4
DA:3,4
DA:4,4
DA:5,4
DA:6,4
DA:8,4
DA:41,4
DA:61,4
DA:83,4
DA:120,4
DA:146,4
LF:12
LH:12
BRF:0
BRH:0
end_of_record
TN:
SF:src\routes\user.routes.ts
FNF:0
FNH:0
DA:1,4
DA:2,4
DA:3,4
DA:4,4
DA:5,4
DA:8,4
DA:29,4
DA:55,4
DA:83,4
DA:105,4
LF:10
LH:10
BRF:0
BRH:0
end_of_record
TN:
SF:src\services\auth.service.ts
FN:12,registerUser
FN:37,loginUser
FN:71,refreshTokens
FN:103,logoutUser
FNF:4
FNH:4
FNDA:14,registerUser
FNDA:10,loginUser
FNDA:4,refreshTokens
FNDA:1,logoutUser
DA:1,4
DA:2,4
DA:3,4
DA:12,4
DA:14,14
DA:15,14
DA:16,1
DA:19,13
DA:20,13
DA:21,1
DA:25,12
DA:27,12
DA:33,12
DA:37,4
DA:38,10
DA:42,10
DA:43,1
DA:47,9
DA:48,0
DA:51,9
DA:53,9
DA:54,1
DA:57,8
DA:59,8
DA:60,8
DA:63,8
DA:64,8
DA:66,8
DA:71,4
DA:75,4
DA:76,4
DA:78,1
DA:80,3
DA:82,3
DA:83,3
DA:84,0
DA:88,3
DA:89,1
DA:92,2
DA:93,2
DA:96,2
DA:97,2
DA:99,2
DA:103,4
DA:104,1
DA:105,1
DA:107,1
DA:108,1
LF:48
LH:46
BRDA:15,0,0,1
BRDA:20,1,0,1
BRDA:42,2,0,1
BRDA:47,3,0,0
BRDA:53,4,0,1
BRDA:83,5,0,0
BRDA:83,6,0,3
BRDA:83,6,1,3
BRDA:88,7,0,1
BRDA:105,8,0,0
BRF:10
BRH:7
end_of_record
TN:
SF:src\services\google-auth.service.ts
FN:20,loginWithGoogle
FNF:1
FNH:0
FNDA:0,loginWithGoogle
DA:1,4
DA:2,4
DA:3,4
DA:4,4
DA:18,4
DA:20,4
DA:22,0
DA:27,0
DA:29,0
DA:30,0
DA:33,0
DA:34,0
DA:37,0
DA:41,0
DA:44,0
DA:45,0
DA:46,0
DA:49,0
DA:50,0
DA:51,0
DA:54,0
DA:59,0
DA:61,0
DA:62,0
DA:65,0
DA:68,0
DA:69,0
DA:71,0
DA:72,0
DA:74,0
LF:30
LH:6
BRDA:29,0,0,0
BRDA:29,1,0,0
BRDA:29,1,1,0
BRDA:29,1,2,0
BRDA:41,2,0,0
BRDA:41,2,1,0
BRDA:59,3,0,0
BRF:7
BRH:0
end_of_record
TN:
SF:src\services\post.service.ts
FN:31,deleteImageFile
FN:53,createPost
FN:66,getFeed
FN:90,getPostById
FN:99,updatePost
FN:119,deletePost
FN:139,getPostsByUser
FNF:7
FNH:6
FNDA:0,deleteImageFile
FNDA:5,createPost
FNDA:3,getFeed
FNDA:3,getPostById
FNDA:3,updatePost
FNDA:3,deletePost
FNDA:4,getPostsByUser
DA:11,4
DA:12,4
DA:13,4
DA:14,4
DA:32,0
DA:34,0
DA:35,0
DA:36,0
DA:37,0
DA:41,0
DA:53,4
DA:58,5
DA:59,5
DA:66,4
DA:67,3
DA:69,3
DA:78,3
DA:90,4
DA:91,3
DA:99,4
DA:104,3
DA:105,3
DA:106,2
DA:107,1
DA:109,1
DA:110,1
DA:111,1
DA:119,4
DA:123,3
DA:124,3
DA:125,2
DA:126,1
DA:129,1
DA:130,0
DA:132,1
DA:139,4
DA:140,4
DA:141,1
DA:143,3
LF:39
LH:32
BRDA:36,0,0,0
BRDA:105,1,0,1
BRDA:106,2,0,1
BRDA:124,3,0,1
BRDA:125,4,0,1
BRDA:129,5,0,0
BRDA:140,6,0,1
BRF:7
BRH:5
end_of_record
TN:
SF:src\services\user.service.ts
FN:12,getUserById
FN:22,updateUserProfile
FN:38,updateUserAvatar
FNF:3
FNH:3
FNDA:4,getUserById
FNDA:2,updateUserProfile
FNDA:1,updateUserAvatar
DA:1,4
DA:2,4
DA:3,4
DA:12,4
DA:13,4
DA:14,4
DA:15,1
DA:17,3
DA:22,4
DA:23,2
DA:29,2
DA:30,0
DA:32,2
DA:38,4
DA:39,1
DA:40,1
DA:41,0
DA:45,1
DA:46,0
DA:47,0
DA:48,0
DA:53,1
DA:54,1
DA:56,1
LF:24
LH:19
BRDA:14,0,0,1
BRDA:29,1,0,0
BRDA:40,2,0,0
BRDA:45,3,0,0
BRDA:47,4,0,0
BRF:5
BRH:1
end_of_record
TN:
SF:src\utils\auth.schemas.ts
FNF:0
FNH:0
DA:1,4
DA:10,4
DA:19,4
DA:27,4
DA:34,4
LF:5
LH:5
BRF:0
BRH:0
end_of_record
TN:
SF:src\utils\jwt.ts
FN:24,getRequiredEnv
FN:40,generateAccessToken
FN:45,generateRefreshToken
FN:55,verifyAccessToken
FN:59,verifyRefreshToken
FNF:5
FNH:5
FNDA:16,getRequiredEnv
FNDA:10,generateAccessToken
FNDA:10,generateRefreshToken
FNDA:18,verifyAccessToken
FNDA:4,verifyRefreshToken
DA:1,4
DA:2,4
DA:25,16
DA:26,16
DA:27,0
DA:29,16
DA:33,4
DA:34,4
DA:36,4
DA:37,4
DA:40,4
DA:41,10
DA:45,4
DA:46,10
DA:51,10
DA:55,4
DA:56,18
DA:59,4
DA:60,4
LF:19
LH:18
BRDA:26,0,0,0
BRF:1
BRH:0
end_of_record
TN:
SF:src\utils\multer.ts
FN:25,(anonymous_1)
FN:28,(anonymous_2)
FNF:2
FNH:2
FNDA:1,(anonymous_1)
FNDA:1,(anonymous_2)
DA:1,4
DA:2,4
DA:3,4
DA:15,4
DA:18,4
DA:19,0
DA:23,4
DA:25,1
DA:29,1
DA:30,1
DA:35,4
DA:37,4
LF:12
LH:11
BRDA:18,0,0,0
BRF:1
BRH:0
end_of_record
TN:
SF:src\utils\post.schemas.ts
FNF:0
FNH:0
DA:13,4
DA:16,4
DA:26,4
DA:39,4
DA:46,4
LF:5
LH:5
BRF:0
BRH:0
end_of_record
TN:
SF:tests\helpers.ts
FN:54,registerAndLogin
FN:90,createPost
FN:109,createComment
FNF:3
FNH:2
FNDA:4,registerAndLogin
FNDA:4,createPost
FNDA:0,createComment
DA:16,2
DA:54,2
DA:58,4
DA:59,4
DA:60,4
DA:61,4
DA:64,4
DA:67,4
DA:72,4
DA:76,4
DA:90,2
DA:95,4
DA:97,4
DA:102,4
DA:109,2
DA:115,0
DA:117,0
DA:122,0
LF:18
LH:15
BRDA:59,0,0,4
BRDA:59,0,1,4
BRDA:60,1,0,4
BRDA:60,1,1,4
BRDA:61,2,0,4
BRDA:61,2,1,4
BRDA:95,3,0,4
BRDA:95,3,1,0
BRDA:115,4,0,0
BRDA:115,4,1,0
BRF:10
BRH:7
end_of_record
