TN:
SF:src/app.ts
FN:11,createApp
FNF:1
FNH:1
FNDA:2,createApp
DA:1,2
DA:2,2
DA:3,2
DA:4,2
DA:5,2
DA:6,2
DA:7,2
DA:8,2
DA:11,2
DA:12,2
DA:14,2
DA:15,2
DA:18,2
DA:19,2
DA:20,2
DA:22,2
DA:24,2
LF:17
LH:17
BRF:0
BRH:0
end_of_record
TN:
SF:src/config/env.ts
FN:15,validateEnv
FNF:1
FNH:0
FNDA:0,validateEnv
DA:1,2
DA:4,2
DA:7,2
DA:15,2
DA:16,0
DA:17,0
LF:6
LH:4
BRDA:8,0,0,2
BRDA:8,0,1,0
BRDA:9,1,0,2
BRDA:9,1,1,0
BRDA:10,2,0,2
BRDA:10,2,1,0
BRDA:11,3,0,2
BRDA:11,3,1,0
BRDA:16,4,0,0
BRF:9
BRH:4
end_of_record
TN:
SF:src/controllers/auth.controller.ts
FN:6,register
FN:21,login
FN:31,refresh
FN:41,logout
FNF:4
FNH:4
FNDA:7,register
FNDA:4,login
FNDA:1,refresh
FNDA:1,logout
DA:2,2
DA:6,2
DA:7,7
DA:8,7
DA:9,7
DA:11,6
DA:17,1
DA:21,2
DA:22,4
DA:23,4
DA:24,4
DA:26,3
DA:28,1
DA:31,2
DA:32,1
DA:33,1
DA:34,1
DA:35,1
DA:37,0
DA:41,2
DA:42,1
DA:43,1
DA:44,0
DA:47,1
DA:48,1
DA:50,0
LF:26
LH:23
BRDA:43,0,0,0
BRF:1
BRH:0
end_of_record
TN:
SF:src/docs/swagger.ts
FNF:0
FNH:0
DA:1,2
DA:2,2
DA:3,2
DA:5,2
DA:7,2
LF:5
LH:5
BRF:0
BRH:0
end_of_record
TN:
SF:src/middlewares/auth.middleware.ts
FN:11,authMiddleware
FNF:1
FNH:1
FNDA:2,authMiddleware
DA:2,2
DA:11,2
DA:12,2
DA:13,2
DA:15,2
DA:16,1
DA:19,1
DA:20,1
DA:22,1
DA:26,1
DA:28,0
LF:11
LH:10
BRDA:15,0,0,1
BRDA:15,1,0,2
BRDA:15,1,1,1
BRF:3
BRH:3
end_of_record
TN:
SF:src/middlewares/error.middleware.ts
FN:4,errorMiddleware
FNF:1
FNH:1
FNDA:2,errorMiddleware
DA:4,2
DA:10,2
DA:11,2
DA:13,2
LF:4
LH:4
BRDA:10,0,0,2
BRDA:10,0,1,0
BRDA:11,1,0,2
BRDA:11,1,1,0
BRF:4
BRH:2
end_of_record
TN:
SF:src/middlewares/validate.middleware.ts
FN:5,validate
FN:6,(anonymous_1)
FNF:2
FNH:2
FNDA:6,validate
FNDA:13,(anonymous_1)
DA:1,2
DA:5,2
DA:6,6
DA:7,13
DA:8,13
DA:14,12
DA:16,1
DA:17,1
DA:23,0
LF:9
LH:8
BRDA:16,0,0,1
BRF:1
BRH:1
end_of_record
TN:
SF:src/models/user.model.ts
FNF:0
FNH:0
DA:1,2
DA:10,2
DA:20,2
LF:3
LH:3
BRF:0
BRH:0
end_of_record
TN:
SF:src/routes/auth.routes.ts
FNF:0
FNH:0
DA:1,2
DA:2,2
DA:3,2
DA:4,2
DA:5,2
DA:7,2
DA:36,2
DA:62,2
DA:85,2
DA:99,2
LF:10
LH:10
BRF:0
BRH:0
end_of_record
TN:
SF:src/routes/health.routes.ts
FN:23,(anonymous_0)
FNF:1
FNH:1
FNDA:1,(anonymous_0)
DA:1,2
DA:3,2
DA:23,2
DA:24,1
LF:4
LH:4
BRF:0
BRH:0
end_of_record
TN:
SF:src/services/auth.service.ts
FN:6,registerUser
FN:29,loginUser
FN:54,refreshTokens
FN:78,logoutUser
FNF:4
FNH:4
FNDA:7,registerUser
FNDA:4,loginUser
FNDA:1,refreshTokens
FNDA:1,logoutUser
DA:1,2
DA:2,2
DA:3,2
DA:6,2
DA:7,7
DA:8,7
DA:9,1
DA:12,6
DA:13,6
DA:14,0
DA:17,6
DA:19,6
DA:25,6
DA:29,2
DA:30,4
DA:32,4
DA:33,0
DA:36,4
DA:38,4
DA:39,1
DA:42,3
DA:44,3
DA:45,3
DA:47,3
DA:48,3
DA:50,3
DA:54,2
DA:55,1
DA:56,1
DA:58,1
DA:59,1
DA:60,0
DA:64,1
DA:65,0
DA:68,1
DA:69,1
DA:71,1
DA:72,1
DA:74,1
DA:78,2
DA:79,1
DA:80,1
DA:82,1
DA:83,1
LF:44
LH:40
BRDA:8,0,0,1
BRDA:13,1,0,0
BRDA:32,2,0,0
BRDA:38,3,0,1
BRDA:59,4,0,0
BRDA:59,5,0,1
BRDA:59,5,1,1
BRDA:64,6,0,0
BRDA:80,7,0,0
BRF:9
BRH:4
end_of_record
TN:
SF:src/utils/auth.schemas.ts
FNF:0
FNH:0
DA:1,2
DA:3,2
DA:11,2
DA:18,2
LF:4
LH:4
BRF:0
BRH:0
end_of_record
TN:
SF:src/utils/jwt.ts
FN:13,getRequiredEnv
FN:27,generateAccessToken
FN:31,generateRefreshToken
FN:40,verifyAccessToken
FN:44,verifyRefreshToken
FNF:5
FNH:5
FNDA:8,getRequiredEnv
FNDA:4,generateAccessToken
FNDA:4,generateRefreshToken
FNDA:1,verifyAccessToken
FNDA:1,verifyRefreshToken
DA:1,2
DA:2,2
DA:14,8
DA:15,8
DA:16,0
DA:18,8
DA:21,2
DA:22,2
DA:24,2
DA:25,2
DA:27,2
DA:28,4
DA:31,2
DA:32,4
DA:37,4
DA:40,2
DA:41,1
DA:44,2
DA:45,1
LF:19
LH:18
BRDA:15,0,0,0
BRF:1
BRH:0
end_of_record
